[2026-02-19T16:50:26.060+0000] {taskinstance.py:1157} INFO - Dependencies all met for dep_context=non-requeueable deps ti=<TaskInstance: trade_surveillance_daily.generate_orders scheduled__2026-02-18T06:00:00+00:00 [queued]>
[2026-02-19T16:50:26.065+0000] {taskinstance.py:1157} INFO - Dependencies all met for dep_context=requeueable deps ti=<TaskInstance: trade_surveillance_daily.generate_orders scheduled__2026-02-18T06:00:00+00:00 [queued]>
[2026-02-19T16:50:26.065+0000] {taskinstance.py:1359} INFO - Starting attempt 2 of 3
[2026-02-19T16:50:26.074+0000] {taskinstance.py:1380} INFO - Executing <Task(PythonOperator): generate_orders> on 2026-02-18 06:00:00+00:00
[2026-02-19T16:50:26.077+0000] {standard_task_runner.py:57} INFO - Started process 1757 to run task
[2026-02-19T16:50:26.079+0000] {standard_task_runner.py:84} INFO - Running: ['airflow', 'tasks', 'run', 'trade_surveillance_daily', 'generate_orders', 'scheduled__2026-02-18T06:00:00+00:00', '--job-id', '38', '--raw', '--subdir', 'DAGS_FOLDER/surveillance_pipeline.py', '--cfg-path', '/tmp/tmp_u9aw9e5']
[2026-02-19T16:50:26.081+0000] {standard_task_runner.py:85} INFO - Job 38: Subtask generate_orders
[2026-02-19T16:50:26.113+0000] {task_command.py:415} INFO - Running <TaskInstance: trade_surveillance_daily.generate_orders scheduled__2026-02-18T06:00:00+00:00 [running]> on host 513247d35ba6
[2026-02-19T16:50:26.166+0000] {taskinstance.py:1660} INFO - Exporting env vars: AIRFLOW_CTX_DAG_OWNER='tony' AIRFLOW_CTX_DAG_ID='trade_surveillance_daily' AIRFLOW_CTX_TASK_ID='generate_orders' AIRFLOW_CTX_EXECUTION_DATE='2026-02-18T06:00:00+00:00' AIRFLOW_CTX_TRY_NUMBER='2' AIRFLOW_CTX_DAG_RUN_ID='scheduled__2026-02-18T06:00:00+00:00'
[2026-02-19T16:50:26.172+0000] {logging_mixin.py:151} WARNING - /home/airflow/.local/lib/python3.11/site-packages/airflow/utils/context.py:314 AirflowContextDeprecationWarning: Accessing 'execution_date' from the template is deprecated and will be removed in a future version. Please use 'data_interval_start' or 'logical_date' instead.
[2026-02-19T16:50:26.173+0000] {logging_mixin.py:151} INFO - Generating orders for 2026-02-18...
[2026-02-19T16:50:26.200+0000] {taskinstance.py:1935} ERROR - Task failed with exception
Traceback (most recent call last):
  File "/home/airflow/.local/lib/python3.11/site-packages/airflow/operators/python.py", line 192, in execute
    return_value = self.execute_callable()
                   ^^^^^^^^^^^^^^^^^^^^^^^
  File "/home/airflow/.local/lib/python3.11/site-packages/airflow/operators/python.py", line 209, in execute_callable
    return self.python_callable(*self.op_args, **self.op_kwargs)
           ^^^^^^^^^^^^^^^^^^^^^^^^^^^^^^^^^^^^^^^^^^^^^^^^^^^^^
  File "/opt/airflow/dags/surveillance_pipeline.py", line 44, in run_generate_orders
    generate_trading_day(trade_date)
  File "/opt/airflow/src/generate_orders.py", line 116, in generate_trading_day
    save_to_csv(orders_to_dicts(orders), f"orders_{date_str}.csv")
  File "/opt/airflow/src/generate_orders.py", line 163, in save_to_csv
    with open(filepath, "w", newline="") as f:
         ^^^^^^^^^^^^^^^^^^^^^^^^^^^^^^^
PermissionError: [Errno 13] Permission denied: '/opt/airflow/data/orders_2026-02-18.csv'
[2026-02-19T16:50:26.205+0000] {taskinstance.py:1398} INFO - Marking task as UP_FOR_RETRY. dag_id=trade_surveillance_daily, task_id=generate_orders, execution_date=20260218T060000, start_date=20260219T165026, end_date=20260219T165026
[2026-02-19T16:50:26.213+0000] {standard_task_runner.py:104} ERROR - Failed to execute job 38 for task generate_orders ([Errno 13] Permission denied: '/opt/airflow/data/orders_2026-02-18.csv'; 1757)
[2026-02-19T16:50:26.251+0000] {local_task_job_runner.py:228} INFO - Task exited with return code 1
[2026-02-19T16:50:26.264+0000] {taskinstance.py:2776} INFO - 0 downstream tasks scheduled from follow-on schedule check
