[2026-02-20T18:39:31.560+0000] {taskinstance.py:1157} INFO - Dependencies all met for dep_context=non-requeueable deps ti=<TaskInstance: trade_surveillance_daily.load_orders manual__2026-02-20T18:39:28.035783+00:00 [queued]>
[2026-02-20T18:39:31.568+0000] {taskinstance.py:1157} INFO - Dependencies all met for dep_context=requeueable deps ti=<TaskInstance: trade_surveillance_daily.load_orders manual__2026-02-20T18:39:28.035783+00:00 [queued]>
[2026-02-20T18:39:31.568+0000] {taskinstance.py:1359} INFO - Starting attempt 1 of 3
[2026-02-20T18:39:31.580+0000] {taskinstance.py:1380} INFO - Executing <Task(PythonOperator): load_orders> on 2026-02-20 18:39:28.035783+00:00
[2026-02-20T18:39:31.585+0000] {standard_task_runner.py:57} INFO - Started process 393 to run task
[2026-02-20T18:39:31.588+0000] {standard_task_runner.py:84} INFO - Running: ['airflow', 'tasks', 'run', 'trade_surveillance_daily', 'load_orders', 'manual__2026-02-20T18:39:28.035783+00:00', '--job-id', '52', '--raw', '--subdir', 'DAGS_FOLDER/surveillance_pipeline.py', '--cfg-path', '/tmp/tmp0jx41c93']
[2026-02-20T18:39:31.592+0000] {standard_task_runner.py:85} INFO - Job 52: Subtask load_orders
[2026-02-20T18:39:31.648+0000] {task_command.py:415} INFO - Running <TaskInstance: trade_surveillance_daily.load_orders manual__2026-02-20T18:39:28.035783+00:00 [running]> on host 2cfd01a5d262
[2026-02-20T18:39:31.736+0000] {taskinstance.py:1660} INFO - Exporting env vars: AIRFLOW_CTX_DAG_OWNER='tony' AIRFLOW_CTX_DAG_ID='trade_surveillance_daily' AIRFLOW_CTX_TASK_ID='load_orders' AIRFLOW_CTX_EXECUTION_DATE='2026-02-20T18:39:28.035783+00:00' AIRFLOW_CTX_TRY_NUMBER='1' AIRFLOW_CTX_DAG_RUN_ID='manual__2026-02-20T18:39:28.035783+00:00'
[2026-02-20T18:39:32.273+0000] {logging_mixin.py:151} WARNING - /home/airflow/.local/lib/python3.11/site-packages/airflow/utils/context.py:314 AirflowContextDeprecationWarning: Accessing 'execution_date' from the template is deprecated and will be removed in a future version. Please use 'data_interval_start' or 'logical_date' instead.
[2026-02-20T18:39:32.274+0000] {logging_mixin.py:151} INFO - Loading data for 2026-02-20
[2026-02-20T18:39:33.023+0000] {taskinstance.py:1935} ERROR - Task failed with exception
Traceback (most recent call last):
  File "/home/airflow/.local/lib/python3.11/site-packages/airflow/operators/python.py", line 192, in execute
    return_value = self.execute_callable()
                   ^^^^^^^^^^^^^^^^^^^^^^^
  File "/home/airflow/.local/lib/python3.11/site-packages/airflow/operators/python.py", line 209, in execute_callable
    return self.python_callable(*self.op_args, **self.op_kwargs)
           ^^^^^^^^^^^^^^^^^^^^^^^^^^^^^^^^^^^^^^^^^^^^^^^^^^^^^
  File "/opt/airflow/dags/surveillance_pipeline.py", line 60, in run_load_orders
    order_count, exec_count = load_single_day(trade_date)
                              ^^^^^^^^^^^^^^^^^^^^^^^^^^^
  File "/opt/airflow/src/load_data.py", line 111, in load_single_day
    download_from_s3(f"orders/{orders_filename}", local_orders_path)
  File "/opt/airflow/src/s3_utils.py", line 21, in download_from_s3
    s3.download_file(S3_BUCKET, s3_key, local_path)
  File "/home/airflow/.local/lib/python3.11/site-packages/boto3/s3/inject.py", line 190, in download_file
    return transfer.download_file(
           ^^^^^^^^^^^^^^^^^^^^^^^
  File "/home/airflow/.local/lib/python3.11/site-packages/boto3/s3/transfer.py", line 326, in download_file
    future.result()
  File "/home/airflow/.local/lib/python3.11/site-packages/s3transfer/futures.py", line 103, in result
    return self._coordinator.result()
           ^^^^^^^^^^^^^^^^^^^^^^^^^^
  File "/home/airflow/.local/lib/python3.11/site-packages/s3transfer/futures.py", line 266, in result
    raise self._exception
  File "/home/airflow/.local/lib/python3.11/site-packages/s3transfer/tasks.py", line 269, in _main
    self._submit(transfer_future=transfer_future, **kwargs)
  File "/home/airflow/.local/lib/python3.11/site-packages/s3transfer/download.py", line 354, in _submit
    response = client.head_object(
               ^^^^^^^^^^^^^^^^^^^
  File "/home/airflow/.local/lib/python3.11/site-packages/botocore/client.py", line 535, in _api_call
    return self._make_api_call(operation_name, kwargs)
           ^^^^^^^^^^^^^^^^^^^^^^^^^^^^^^^^^^^^^^^^^^^
  File "/home/airflow/.local/lib/python3.11/site-packages/botocore/client.py", line 980, in _make_api_call
    raise error_class(parsed_response, operation_name)
botocore.exceptions.ClientError: An error occurred (404) when calling the HeadObject operation: Not Found
[2026-02-20T18:39:33.057+0000] {taskinstance.py:1398} INFO - Marking task as UP_FOR_RETRY. dag_id=trade_surveillance_daily, task_id=load_orders, execution_date=20260220T183928, start_date=20260220T183931, end_date=20260220T183933
[2026-02-20T18:39:33.080+0000] {standard_task_runner.py:104} ERROR - Failed to execute job 52 for task load_orders (An error occurred (404) when calling the HeadObject operation: Not Found; 393)
[2026-02-20T18:39:33.131+0000] {local_task_job_runner.py:228} INFO - Task exited with return code 1
[2026-02-20T18:39:33.156+0000] {taskinstance.py:2776} INFO - 0 downstream tasks scheduled from follow-on schedule check
