[2026-02-19T16:53:33.766+0000] {taskinstance.py:1157} INFO - Dependencies all met for dep_context=non-requeueable deps ti=<TaskInstance: trade_surveillance_daily.check_if_weekend manual__2026-02-19T16:53:33.237933+00:00 [queued]>
[2026-02-19T16:53:33.770+0000] {taskinstance.py:1157} INFO - Dependencies all met for dep_context=requeueable deps ti=<TaskInstance: trade_surveillance_daily.check_if_weekend manual__2026-02-19T16:53:33.237933+00:00 [queued]>
[2026-02-19T16:53:33.770+0000] {taskinstance.py:1359} INFO - Starting attempt 1 of 3
[2026-02-19T16:53:33.779+0000] {taskinstance.py:1380} INFO - Executing <Task(BranchPythonOperator): check_if_weekend> on 2026-02-19 16:53:33.237933+00:00
[2026-02-19T16:53:33.782+0000] {standard_task_runner.py:57} INFO - Started process 1818 to run task
[2026-02-19T16:53:33.784+0000] {standard_task_runner.py:84} INFO - Running: ['airflow', 'tasks', 'run', 'trade_surveillance_daily', 'check_if_weekend', 'manual__2026-02-19T16:53:33.237933+00:00', '--job-id', '42', '--raw', '--subdir', 'DAGS_FOLDER/surveillance_pipeline.py', '--cfg-path', '/tmp/tmp9zpxv3x3']
[2026-02-19T16:53:33.786+0000] {standard_task_runner.py:85} INFO - Job 42: Subtask check_if_weekend
[2026-02-19T16:53:33.817+0000] {task_command.py:415} INFO - Running <TaskInstance: trade_surveillance_daily.check_if_weekend manual__2026-02-19T16:53:33.237933+00:00 [running]> on host 513247d35ba6
[2026-02-19T16:53:33.870+0000] {taskinstance.py:1660} INFO - Exporting env vars: AIRFLOW_CTX_DAG_OWNER='tony' AIRFLOW_CTX_DAG_ID='trade_surveillance_daily' AIRFLOW_CTX_TASK_ID='check_if_weekend' AIRFLOW_CTX_EXECUTION_DATE='2026-02-19T16:53:33.237933+00:00' AIRFLOW_CTX_TRY_NUMBER='1' AIRFLOW_CTX_DAG_RUN_ID='manual__2026-02-19T16:53:33.237933+00:00'
[2026-02-19T16:53:33.874+0000] {logging_mixin.py:151} WARNING - /home/airflow/.local/lib/python3.11/site-packages/airflow/utils/context.py:314 AirflowContextDeprecationWarning: Accessing 'execution_date' from the template is deprecated and will be removed in a future version. Please use 'data_interval_start' or 'logical_date' instead.
[2026-02-19T16:53:33.874+0000] {logging_mixin.py:151} INFO - Running - 2026-02-19 is a weekday
[2026-02-19T16:53:33.875+0000] {python.py:194} INFO - Done. Returned value was: generate_orders
[2026-02-19T16:53:33.875+0000] {python.py:227} INFO - Branch callable return generate_orders
[2026-02-19T16:53:33.875+0000] {skipmixin.py:173} INFO - Following branch generate_orders
[2026-02-19T16:53:33.880+0000] {taskinstance.py:1935} ERROR - Task failed with exception
Traceback (most recent call last):
  File "/home/airflow/.local/lib/python3.11/site-packages/airflow/operators/python.py", line 228, in execute
    self.skip_all_except(context["ti"], branch)
  File "/home/airflow/.local/lib/python3.11/site-packages/airflow/models/skipmixin.py", line 208, in skip_all_except
    raise AirflowException(
airflow.exceptions.AirflowException: 'branch_task_ids' must contain only valid task_ids. Invalid tasks found: {'generate_orders'}.
[2026-02-19T16:53:33.882+0000] {taskinstance.py:1398} INFO - Marking task as UP_FOR_RETRY. dag_id=trade_surveillance_daily, task_id=check_if_weekend, execution_date=20260219T165333, start_date=20260219T165333, end_date=20260219T165333
[2026-02-19T16:53:33.889+0000] {standard_task_runner.py:104} ERROR - Failed to execute job 42 for task check_if_weekend ('branch_task_ids' must contain only valid task_ids. Invalid tasks found: {'generate_orders'}.; 1818)
[2026-02-19T16:53:33.916+0000] {local_task_job_runner.py:228} INFO - Task exited with return code 1
[2026-02-19T16:53:33.930+0000] {taskinstance.py:2776} INFO - 0 downstream tasks scheduled from follow-on schedule check
