[2026-02-21T15:20:26.517+0000] {taskinstance.py:1157} INFO - Dependencies all met for dep_context=non-requeueable deps ti=<TaskInstance: trade_surveillance_daily.load_orders manual__2026-02-19T00:00:00+00:00 [queued]>
[2026-02-21T15:20:26.524+0000] {taskinstance.py:1157} INFO - Dependencies all met for dep_context=requeueable deps ti=<TaskInstance: trade_surveillance_daily.load_orders manual__2026-02-19T00:00:00+00:00 [queued]>
[2026-02-21T15:20:26.524+0000] {taskinstance.py:1359} INFO - Starting attempt 1 of 3
[2026-02-21T15:20:26.535+0000] {taskinstance.py:1380} INFO - Executing <Task(PythonOperator): load_orders> on 2026-02-19 00:00:00+00:00
[2026-02-21T15:20:26.540+0000] {standard_task_runner.py:57} INFO - Started process 594 to run task
[2026-02-21T15:20:26.543+0000] {standard_task_runner.py:84} INFO - Running: ['airflow', 'tasks', 'run', 'trade_surveillance_daily', 'load_orders', 'manual__2026-02-19T00:00:00+00:00', '--job-id', '116', '--raw', '--subdir', 'DAGS_FOLDER/surveillance_pipeline.py', '--cfg-path', '/tmp/tmpwabsuien']
[2026-02-21T15:20:26.545+0000] {standard_task_runner.py:85} INFO - Job 116: Subtask load_orders
[2026-02-21T15:20:26.597+0000] {task_command.py:415} INFO - Running <TaskInstance: trade_surveillance_daily.load_orders manual__2026-02-19T00:00:00+00:00 [running]> on host cbfb1907d353
[2026-02-21T15:20:26.688+0000] {taskinstance.py:1660} INFO - Exporting env vars: AIRFLOW_CTX_DAG_OWNER='tony' AIRFLOW_CTX_DAG_ID='trade_surveillance_daily' AIRFLOW_CTX_TASK_ID='load_orders' AIRFLOW_CTX_EXECUTION_DATE='2026-02-19T00:00:00+00:00' AIRFLOW_CTX_TRY_NUMBER='1' AIRFLOW_CTX_DAG_RUN_ID='manual__2026-02-19T00:00:00+00:00'
[2026-02-21T15:20:27.204+0000] {logging_mixin.py:151} WARNING - /home/airflow/.local/lib/python3.11/site-packages/airflow/utils/context.py:314 AirflowContextDeprecationWarning: Accessing 'execution_date' from the template is deprecated and will be removed in a future version. Please use 'data_interval_start' or 'logical_date' instead.
[2026-02-21T15:20:27.205+0000] {logging_mixin.py:151} INFO - Loading data for 2026-02-19
[2026-02-21T15:20:27.918+0000] {logging_mixin.py:151} INFO - Downloaded orders/orders_2026-02-19.csv from S3
[2026-02-21T15:20:28.396+0000] {logging_mixin.py:151} INFO - Downloaded executions/executions_2026-02-19.csv from S3
[2026-02-21T15:21:12.630+0000] {logging_mixin.py:151} INFO - Inserted 759 accounts
[2026-02-21T15:21:13.516+0000] {logging_mixin.py:151} INFO - Inserted 1000 orders
[2026-02-21T15:21:14.626+0000] {logging_mixin.py:151} INFO - Inserted 1000 executions
[2026-02-21T15:21:14.626+0000] {logging_mixin.py:151} INFO - Loaded 1000 orders and 1000 executions for 2026-02-19
[2026-02-21T15:21:14.677+0000] {python.py:194} INFO - Done. Returned value was: Loaded 1000 orders, 1000 executions
[2026-02-21T15:21:14.708+0000] {taskinstance.py:1398} INFO - Marking task as SUCCESS. dag_id=trade_surveillance_daily, task_id=load_orders, execution_date=20260219T000000, start_date=20260221T152026, end_date=20260221T152114
[2026-02-21T15:21:14.769+0000] {local_task_job_runner.py:228} INFO - Task exited with return code 0
[2026-02-21T15:21:14.794+0000] {taskinstance.py:2776} INFO - 1 downstream tasks scheduled from follow-on schedule check
