[2026-02-21T15:44:45.322+0000] {taskinstance.py:1157} INFO - Dependencies all met for dep_context=non-requeueable deps ti=<TaskInstance: trade_surveillance_daily.load_orders manual__2026-02-20T20:56:40.021745+00:00 [queued]>
[2026-02-21T15:44:45.330+0000] {taskinstance.py:1157} INFO - Dependencies all met for dep_context=requeueable deps ti=<TaskInstance: trade_surveillance_daily.load_orders manual__2026-02-20T20:56:40.021745+00:00 [queued]>
[2026-02-21T15:44:45.330+0000] {taskinstance.py:1359} INFO - Starting attempt 2 of 4
[2026-02-21T15:44:45.341+0000] {taskinstance.py:1380} INFO - Executing <Task(PythonOperator): load_orders> on 2026-02-20 20:56:40.021745+00:00
[2026-02-21T15:44:45.347+0000] {standard_task_runner.py:57} INFO - Started process 290 to run task
[2026-02-21T15:44:45.349+0000] {standard_task_runner.py:84} INFO - Running: ['airflow', 'tasks', 'run', 'trade_surveillance_daily', 'load_orders', 'manual__2026-02-20T20:56:40.021745+00:00', '--job-id', '125', '--raw', '--subdir', 'DAGS_FOLDER/surveillance_pipeline.py', '--cfg-path', '/tmp/tmpkjjwj8wh']
[2026-02-21T15:44:45.352+0000] {standard_task_runner.py:85} INFO - Job 125: Subtask load_orders
[2026-02-21T15:44:45.408+0000] {task_command.py:415} INFO - Running <TaskInstance: trade_surveillance_daily.load_orders manual__2026-02-20T20:56:40.021745+00:00 [running]> on host de2beb89eabb
[2026-02-21T15:44:45.508+0000] {taskinstance.py:1660} INFO - Exporting env vars: AIRFLOW_CTX_DAG_OWNER='tony' AIRFLOW_CTX_DAG_ID='trade_surveillance_daily' AIRFLOW_CTX_TASK_ID='load_orders' AIRFLOW_CTX_EXECUTION_DATE='2026-02-20T20:56:40.021745+00:00' AIRFLOW_CTX_TRY_NUMBER='2' AIRFLOW_CTX_DAG_RUN_ID='manual__2026-02-20T20:56:40.021745+00:00'
[2026-02-21T15:44:46.104+0000] {logging_mixin.py:151} WARNING - /home/airflow/.local/lib/python3.11/site-packages/airflow/utils/context.py:314 AirflowContextDeprecationWarning: Accessing 'execution_date' from the template is deprecated and will be removed in a future version. Please use 'data_interval_start' or 'logical_date' instead.
[2026-02-21T15:44:46.105+0000] {logging_mixin.py:151} INFO - Loading data for 2026-02-20
[2026-02-21T15:44:46.966+0000] {logging_mixin.py:151} INFO - Downloaded orders/orders_2026-02-20.csv from S3
[2026-02-21T15:44:47.460+0000] {logging_mixin.py:151} INFO - Downloaded executions/executions_2026-02-20.csv from S3
[2026-02-21T15:45:29.642+0000] {logging_mixin.py:151} INFO - Inserted 766 accounts
[2026-02-21T15:45:30.665+0000] {logging_mixin.py:151} INFO - Inserted 1000 orders
[2026-02-21T15:45:31.679+0000] {logging_mixin.py:151} INFO - Inserted 1000 executions
[2026-02-21T15:45:31.680+0000] {logging_mixin.py:151} INFO - Loaded 1000 orders and 1000 executions for 2026-02-20
[2026-02-21T15:45:31.747+0000] {python.py:194} INFO - Done. Returned value was: Loaded 1000 orders, 1000 executions
[2026-02-21T15:45:31.775+0000] {taskinstance.py:1398} INFO - Marking task as SUCCESS. dag_id=trade_surveillance_daily, task_id=load_orders, execution_date=20260220T205640, start_date=20260221T154445, end_date=20260221T154531
[2026-02-21T15:45:31.806+0000] {local_task_job_runner.py:228} INFO - Task exited with return code 0
[2026-02-21T15:45:31.828+0000] {taskinstance.py:2776} INFO - 1 downstream tasks scheduled from follow-on schedule check
