[0m09:50:27.700201 [debug] [MainThread]: Sending event: {'category': 'dbt', 'action': 'invocation', 'label': 'start', 'context': [<snowplow_tracker.self_describing_json.SelfDescribingJson object at 0x7f144b7f9790>, <snowplow_tracker.self_describing_json.SelfDescribingJson object at 0x7f144af105f0>, <snowplow_tracker.self_describing_json.SelfDescribingJson object at 0x7f144ac11be0>]}


============================== 09:50:27.702487 | 08ff57df-9097-4fc0-a41a-94f3bdb35288 ==============================
[0m09:50:27.702487 [info ] [MainThread]: Running with dbt=1.11.2
[0m09:50:27.702909 [debug] [MainThread]: running dbt with arguments {'log_cache_events': 'False', 'target_path': 'None', 'send_anonymous_usage_stats': 'True', 'debug': 'False', 'cache_selected_only': 'False', 'version_check': 'True', 'use_experimental_parser': 'False', 'no_print': 'None', 'profiles_dir': '/home/aurgena/.dbt', 'introspect': 'True', 'use_colors': 'True', 'log_format': 'default', 'fail_fast': 'False', 'partial_parse': 'True', 'write_json': 'True', 'invocation_command': 'dbt init transforms', 'indirect_selection': 'eager', 'warn_error': 'None', 'empty': 'None', 'quiet': 'False', 'warn_error_options': 'WarnErrorOptionsV2(error=[], warn=[], silence=[])', 'static_parser': 'True', 'log_path': 'logs', 'printer_width': '80'}
[0m09:50:27.708261 [info ] [MainThread]: Creating dbt configuration folder at /home/aurgena/.dbt
[0m09:50:27.709101 [debug] [MainThread]: Starter project path: /home/aurgena/etf_portfolio_risk_engine/market_simulator/venv/lib/python3.12/site-packages/dbt/include/starter_project
[0m09:50:27.711538 [info ] [MainThread]: 
Your new dbt project "transforms" was created!

For more information on how to configure the profiles.yml file,
please consult the dbt documentation here:

  https://docs.getdbt.com/docs/configure-your-profile

One more thing:

Need help? Don't hesitate to reach out to us via GitHub issues or on Slack:

  https://community.getdbt.com/

Happy modeling!

[0m09:50:27.711846 [info ] [MainThread]: Setting up your profile.
[0m09:52:16.022115 [info ] [MainThread]: Profile transforms written to /home/aurgena/.dbt/profiles.yml using target's profile_template.yml and your supplied values. Run 'dbt debug' to validate the connection.
[0m09:52:16.023114 [debug] [MainThread]: Resource report: {"command_name": "init", "command_success": true, "command_wall_clock_time": 108.1486, "process_in_blocks": "1728", "process_kernel_time": 0.068358, "process_mem_max_rss": "104716", "process_out_blocks": "80", "process_user_time": 0.98632}
[0m09:52:16.023513 [debug] [MainThread]: Command `dbt init` succeeded at 09:52:16.023430 after 108.15 seconds
[0m09:52:16.023814 [debug] [MainThread]: Sending event: {'category': 'dbt', 'action': 'invocation', 'label': 'end', 'context': [<snowplow_tracker.self_describing_json.SelfDescribingJson object at 0x7f144b258110>, <snowplow_tracker.self_describing_json.SelfDescribingJson object at 0x7f144b195970>, <snowplow_tracker.self_describing_json.SelfDescribingJson object at 0x7f144a53e4b0>]}
[0m09:52:16.024137 [debug] [MainThread]: Flushing usage events
[0m09:52:16.317298 [debug] [MainThread]: An error was encountered while trying to flush usage events
