[2026-02-21T14:55:15.920+0000] {taskinstance.py:1157} INFO - Dependencies all met for dep_context=non-requeueable deps ti=<TaskInstance: trade_surveillance_daily.load_orders manual__2026-02-20T20:57:42.082992+00:00 [queued]>
[2026-02-21T14:55:15.926+0000] {taskinstance.py:1157} INFO - Dependencies all met for dep_context=requeueable deps ti=<TaskInstance: trade_surveillance_daily.load_orders manual__2026-02-20T20:57:42.082992+00:00 [queued]>
[2026-02-21T14:55:15.927+0000] {taskinstance.py:1359} INFO - Starting attempt 2 of 3
[2026-02-21T14:55:15.936+0000] {taskinstance.py:1380} INFO - Executing <Task(PythonOperator): load_orders> on 2026-02-20 20:57:42.082992+00:00
[2026-02-21T14:55:15.941+0000] {standard_task_runner.py:57} INFO - Started process 170 to run task
[2026-02-21T14:55:15.946+0000] {standard_task_runner.py:84} INFO - Running: ['airflow', 'tasks', 'run', 'trade_surveillance_daily', 'load_orders', 'manual__2026-02-20T20:57:42.082992+00:00', '--job-id', '101', '--raw', '--subdir', 'DAGS_FOLDER/surveillance_pipeline.py', '--cfg-path', '/tmp/tmpx13e73vn']
[2026-02-21T14:55:15.949+0000] {standard_task_runner.py:85} INFO - Job 101: Subtask load_orders
[2026-02-21T14:55:16.009+0000] {task_command.py:415} INFO - Running <TaskInstance: trade_surveillance_daily.load_orders manual__2026-02-20T20:57:42.082992+00:00 [running]> on host cbfb1907d353
[2026-02-21T14:55:16.110+0000] {taskinstance.py:1660} INFO - Exporting env vars: AIRFLOW_CTX_DAG_OWNER='tony' AIRFLOW_CTX_DAG_ID='trade_surveillance_daily' AIRFLOW_CTX_TASK_ID='load_orders' AIRFLOW_CTX_EXECUTION_DATE='2026-02-20T20:57:42.082992+00:00' AIRFLOW_CTX_TRY_NUMBER='2' AIRFLOW_CTX_DAG_RUN_ID='manual__2026-02-20T20:57:42.082992+00:00'
[2026-02-21T14:55:18.074+0000] {logging_mixin.py:151} WARNING - /home/airflow/.local/lib/python3.11/site-packages/airflow/utils/context.py:314 AirflowContextDeprecationWarning: Accessing 'execution_date' from the template is deprecated and will be removed in a future version. Please use 'data_interval_start' or 'logical_date' instead.
[2026-02-21T14:55:18.075+0000] {logging_mixin.py:151} INFO - Loading data for 2026-02-20
[2026-02-21T14:55:18.944+0000] {logging_mixin.py:151} INFO - Downloaded orders/orders_2026-02-20.csv from S3
[2026-02-21T14:55:19.467+0000] {logging_mixin.py:151} INFO - Downloaded executions/executions_2026-02-20.csv from S3
[2026-02-21T14:56:01.940+0000] {logging_mixin.py:151} INFO - Inserted 760 accounts
[2026-02-21T14:56:02.922+0000] {logging_mixin.py:151} INFO - Inserted 1000 orders
[2026-02-21T14:56:03.910+0000] {logging_mixin.py:151} INFO - Inserted 1000 executions
[2026-02-21T14:56:03.912+0000] {logging_mixin.py:151} INFO - Loaded 1000 orders and 1000 executions for 2026-02-20
[2026-02-21T14:56:03.972+0000] {python.py:194} INFO - Done. Returned value was: Loaded 1000 orders, 1000 executions
[2026-02-21T14:56:04.000+0000] {taskinstance.py:1398} INFO - Marking task as SUCCESS. dag_id=trade_surveillance_daily, task_id=load_orders, execution_date=20260220T205742, start_date=20260221T145515, end_date=20260221T145604
[2026-02-21T14:56:04.046+0000] {local_task_job_runner.py:228} INFO - Task exited with return code 0
[2026-02-21T14:56:04.065+0000] {taskinstance.py:2776} INFO - 0 downstream tasks scheduled from follow-on schedule check
