[2026-02-20T20:57:48.625+0000] {taskinstance.py:1157} INFO - Dependencies all met for dep_context=non-requeueable deps ti=<TaskInstance: trade_surveillance_daily.load_orders manual__2026-02-20T20:57:42.082992+00:00 [queued]>
[2026-02-20T20:57:48.632+0000] {taskinstance.py:1157} INFO - Dependencies all met for dep_context=requeueable deps ti=<TaskInstance: trade_surveillance_daily.load_orders manual__2026-02-20T20:57:42.082992+00:00 [queued]>
[2026-02-20T20:57:48.633+0000] {taskinstance.py:1359} INFO - Starting attempt 1 of 3
[2026-02-20T20:57:48.643+0000] {taskinstance.py:1380} INFO - Executing <Task(PythonOperator): load_orders> on 2026-02-20 20:57:42.082992+00:00
[2026-02-20T20:57:48.648+0000] {standard_task_runner.py:57} INFO - Started process 232 to run task
[2026-02-20T20:57:48.651+0000] {standard_task_runner.py:84} INFO - Running: ['airflow', 'tasks', 'run', 'trade_surveillance_daily', 'load_orders', 'manual__2026-02-20T20:57:42.082992+00:00', '--job-id', '69', '--raw', '--subdir', 'DAGS_FOLDER/surveillance_pipeline.py', '--cfg-path', '/tmp/tmpy70744tg']
[2026-02-20T20:57:48.654+0000] {standard_task_runner.py:85} INFO - Job 69: Subtask load_orders
[2026-02-20T20:57:48.711+0000] {task_command.py:415} INFO - Running <TaskInstance: trade_surveillance_daily.load_orders manual__2026-02-20T20:57:42.082992+00:00 [running]> on host 87401ec90599
[2026-02-20T20:57:48.802+0000] {taskinstance.py:1660} INFO - Exporting env vars: AIRFLOW_CTX_DAG_OWNER='tony' AIRFLOW_CTX_DAG_ID='trade_surveillance_daily' AIRFLOW_CTX_TASK_ID='load_orders' AIRFLOW_CTX_EXECUTION_DATE='2026-02-20T20:57:42.082992+00:00' AIRFLOW_CTX_TRY_NUMBER='1' AIRFLOW_CTX_DAG_RUN_ID='manual__2026-02-20T20:57:42.082992+00:00'
[2026-02-20T20:57:50.162+0000] {logging_mixin.py:151} WARNING - /home/airflow/.local/lib/python3.11/site-packages/airflow/utils/context.py:314 AirflowContextDeprecationWarning: Accessing 'execution_date' from the template is deprecated and will be removed in a future version. Please use 'data_interval_start' or 'logical_date' instead.
[2026-02-20T20:57:50.163+0000] {logging_mixin.py:151} INFO - Loading data for 2026-02-20
[2026-02-20T20:57:50.957+0000] {logging_mixin.py:151} INFO - Downloaded orders/orders_2026-02-20.csv from S3
[2026-02-20T20:57:51.457+0000] {logging_mixin.py:151} INFO - Downloaded executions/executions_2026-02-20.csv from S3
[2026-02-20T20:57:51.557+0000] {taskinstance.py:1935} ERROR - Task failed with exception
Traceback (most recent call last):
  File "/home/airflow/.local/lib/python3.11/site-packages/airflow/operators/python.py", line 192, in execute
    return_value = self.execute_callable()
                   ^^^^^^^^^^^^^^^^^^^^^^^
  File "/home/airflow/.local/lib/python3.11/site-packages/airflow/operators/python.py", line 209, in execute_callable
    return self.python_callable(*self.op_args, **self.op_kwargs)
           ^^^^^^^^^^^^^^^^^^^^^^^^^^^^^^^^^^^^^^^^^^^^^^^^^^^^^
  File "/opt/airflow/dags/surveillance_pipeline.py", line 61, in run_load_orders
    order_count, exec_count = load_single_day(trade_date)
                              ^^^^^^^^^^^^^^^^^^^^^^^^^^^
  File "/opt/airflow/src/load_data.py", line 117, in load_single_day
    conn = get_connection()
           ^^^^^^^^^^^^^^^^
  File "/opt/airflow/src/load_data.py", line 22, in get_connection
    return psycopg2.connect(**DB_CONFIG)
           ^^^^^^^^^^^^^^^^^^^^^^^^^^^^^
  File "/home/airflow/.local/lib/python3.11/site-packages/psycopg2/__init__.py", line 122, in connect
    conn = _connect(dsn, connection_factory=connection_factory, **kwasync)
           ^^^^^^^^^^^^^^^^^^^^^^^^^^^^^^^^^^^^^^^^^^^^^^^^^^^^^^^^^^^^^^^
psycopg2.OperationalError: connection to server at "db.udjtrfkarvlyvrnrzjrn.supabase.co" (2600:1f18:2e13:9d31:4d9a:77d1:e554:49a8), port 5432 failed: Network is unreachable
	Is the server running on that host and accepting TCP/IP connections?

[2026-02-20T20:57:51.576+0000] {taskinstance.py:1398} INFO - Marking task as UP_FOR_RETRY. dag_id=trade_surveillance_daily, task_id=load_orders, execution_date=20260220T205742, start_date=20260220T205748, end_date=20260220T205751
[2026-02-20T20:57:51.589+0000] {standard_task_runner.py:104} ERROR - Failed to execute job 69 for task load_orders (connection to server at "db.udjtrfkarvlyvrnrzjrn.supabase.co" (2600:1f18:2e13:9d31:4d9a:77d1:e554:49a8), port 5432 failed: Network is unreachable
	Is the server running on that host and accepting TCP/IP connections?
; 232)
[2026-02-20T20:57:51.614+0000] {local_task_job_runner.py:228} INFO - Task exited with return code 1
[2026-02-20T20:57:51.643+0000] {taskinstance.py:2776} INFO - 0 downstream tasks scheduled from follow-on schedule check
