[2026-02-19T17:06:50.984+0000] {taskinstance.py:1157} INFO - Dependencies all met for dep_context=non-requeueable deps ti=<TaskInstance: trade_surveillance_daily.generate_new_orders manual__2026-02-19T17:06:47.621183+00:00 [queued]>
[2026-02-19T17:06:50.989+0000] {taskinstance.py:1157} INFO - Dependencies all met for dep_context=requeueable deps ti=<TaskInstance: trade_surveillance_daily.generate_new_orders manual__2026-02-19T17:06:47.621183+00:00 [queued]>
[2026-02-19T17:06:50.990+0000] {taskinstance.py:1359} INFO - Starting attempt 1 of 3
[2026-02-19T17:06:50.998+0000] {taskinstance.py:1380} INFO - Executing <Task(PythonOperator): generate_new_orders> on 2026-02-19 17:06:47.621183+00:00
[2026-02-19T17:06:51.002+0000] {standard_task_runner.py:57} INFO - Started process 195 to run task
[2026-02-19T17:06:51.004+0000] {standard_task_runner.py:84} INFO - Running: ['airflow', 'tasks', 'run', 'trade_surveillance_daily', 'generate_new_orders', 'manual__2026-02-19T17:06:47.621183+00:00', '--job-id', '48', '--raw', '--subdir', 'DAGS_FOLDER/surveillance_pipeline.py', '--cfg-path', '/tmp/tmpx399vk08']
[2026-02-19T17:06:51.006+0000] {standard_task_runner.py:85} INFO - Job 48: Subtask generate_new_orders
[2026-02-19T17:06:51.037+0000] {task_command.py:415} INFO - Running <TaskInstance: trade_surveillance_daily.generate_new_orders manual__2026-02-19T17:06:47.621183+00:00 [running]> on host b6620ac15bab
[2026-02-19T17:06:51.089+0000] {taskinstance.py:1660} INFO - Exporting env vars: AIRFLOW_CTX_DAG_OWNER='tony' AIRFLOW_CTX_DAG_ID='trade_surveillance_daily' AIRFLOW_CTX_TASK_ID='generate_new_orders' AIRFLOW_CTX_EXECUTION_DATE='2026-02-19T17:06:47.621183+00:00' AIRFLOW_CTX_TRY_NUMBER='1' AIRFLOW_CTX_DAG_RUN_ID='manual__2026-02-19T17:06:47.621183+00:00'
[2026-02-19T17:06:51.095+0000] {logging_mixin.py:151} WARNING - /home/airflow/.local/lib/python3.11/site-packages/airflow/utils/context.py:314 AirflowContextDeprecationWarning: Accessing 'execution_date' from the template is deprecated and will be removed in a future version. Please use 'data_interval_start' or 'logical_date' instead.
[2026-02-19T17:06:51.096+0000] {logging_mixin.py:151} INFO - Generating orders for 2026-02-19...
[2026-02-19T17:06:51.122+0000] {taskinstance.py:1935} ERROR - Task failed with exception
Traceback (most recent call last):
  File "/home/airflow/.local/lib/python3.11/site-packages/airflow/operators/python.py", line 192, in execute
    return_value = self.execute_callable()
                   ^^^^^^^^^^^^^^^^^^^^^^^
  File "/home/airflow/.local/lib/python3.11/site-packages/airflow/operators/python.py", line 209, in execute_callable
    return self.python_callable(*self.op_args, **self.op_kwargs)
           ^^^^^^^^^^^^^^^^^^^^^^^^^^^^^^^^^^^^^^^^^^^^^^^^^^^^^
  File "/opt/airflow/dags/surveillance_pipeline.py", line 44, in run_generate_new_orders
    generate_trading_day(trade_date)
  File "/opt/airflow/src/generate_orders.py", line 116, in generate_trading_day
    save_to_csv(orders_to_dicts(orders), f"orders_{date_str}.csv")
  File "/opt/airflow/src/generate_orders.py", line 163, in save_to_csv
    with open(filepath, "w", newline="") as f:
         ^^^^^^^^^^^^^^^^^^^^^^^^^^^^^^^
PermissionError: [Errno 13] Permission denied: '/opt/airflow/data/orders_2026-02-19.csv'
[2026-02-19T17:06:51.128+0000] {taskinstance.py:1398} INFO - Marking task as UP_FOR_RETRY. dag_id=trade_surveillance_daily, task_id=generate_new_orders, execution_date=20260219T170647, start_date=20260219T170650, end_date=20260219T170651
[2026-02-19T17:06:51.135+0000] {standard_task_runner.py:104} ERROR - Failed to execute job 48 for task generate_new_orders ([Errno 13] Permission denied: '/opt/airflow/data/orders_2026-02-19.csv'; 195)
[2026-02-19T17:06:51.176+0000] {local_task_job_runner.py:228} INFO - Task exited with return code 1
[2026-02-19T17:06:51.189+0000] {taskinstance.py:2776} INFO - 0 downstream tasks scheduled from follow-on schedule check
