[2026-02-20T03:36:03.911+0000] {processor.py:157} INFO - Started process (PID=163) to work on /opt/airflow/dags/surveillance_pipeline.py
[2026-02-20T03:36:03.913+0000] {processor.py:829} INFO - Processing file /opt/airflow/dags/surveillance_pipeline.py for tasks to queue
[2026-02-20T03:36:03.914+0000] {logging_mixin.py:151} INFO - [2026-02-20T03:36:03.913+0000] {dagbag.py:539} INFO - Filling up the DagBag from /opt/airflow/dags/surveillance_pipeline.py
[2026-02-20T03:36:03.958+0000] {processor.py:839} INFO - DAG(s) dict_keys(['trade_surveillance_daily']) retrieved from /opt/airflow/dags/surveillance_pipeline.py
[2026-02-20T03:36:04.381+0000] {logging_mixin.py:151} INFO - [2026-02-20T03:36:04.381+0000] {manager.py:499} INFO - Created Permission View: %s
[2026-02-20T03:36:04.392+0000] {logging_mixin.py:151} INFO - [2026-02-20T03:36:04.392+0000] {manager.py:499} INFO - Created Permission View: %s
[2026-02-20T03:36:04.401+0000] {logging_mixin.py:151} INFO - [2026-02-20T03:36:04.401+0000] {manager.py:499} INFO - Created Permission View: %s
[2026-02-20T03:36:04.402+0000] {logging_mixin.py:151} INFO - [2026-02-20T03:36:04.402+0000] {security.py:708} INFO - Not syncing DAG-level permissions for DAG 'DAG:trade_surveillance_daily' as access control is unset.
[2026-02-20T03:36:04.402+0000] {logging_mixin.py:151} INFO - [2026-02-20T03:36:04.402+0000] {dag.py:2915} INFO - Sync 1 DAGs
[2026-02-20T03:36:04.420+0000] {logging_mixin.py:151} INFO - [2026-02-20T03:36:04.420+0000] {dag.py:2937} INFO - Creating ORM DAG for trade_surveillance_daily
[2026-02-20T03:36:04.438+0000] {logging_mixin.py:151} INFO - [2026-02-20T03:36:04.438+0000] {dag.py:3696} INFO - Setting next_dagrun for trade_surveillance_daily to 2026-02-18T06:00:00+00:00, run_after=2026-02-19T06:00:00+00:00
[2026-02-20T03:36:04.476+0000] {processor.py:179} INFO - Processing /opt/airflow/dags/surveillance_pipeline.py took 0.576 seconds
[2026-02-20T03:36:34.515+0000] {processor.py:157} INFO - Started process (PID=169) to work on /opt/airflow/dags/surveillance_pipeline.py
[2026-02-20T03:36:34.517+0000] {processor.py:829} INFO - Processing file /opt/airflow/dags/surveillance_pipeline.py for tasks to queue
[2026-02-20T03:36:34.518+0000] {logging_mixin.py:151} INFO - [2026-02-20T03:36:34.517+0000] {dagbag.py:539} INFO - Filling up the DagBag from /opt/airflow/dags/surveillance_pipeline.py
[2026-02-20T03:36:34.540+0000] {processor.py:839} INFO - DAG(s) dict_keys(['trade_surveillance_daily']) retrieved from /opt/airflow/dags/surveillance_pipeline.py
[2026-02-20T03:36:34.563+0000] {logging_mixin.py:151} INFO - [2026-02-20T03:36:34.563+0000] {dag.py:2915} INFO - Sync 1 DAGs
[2026-02-20T03:36:34.596+0000] {logging_mixin.py:151} INFO - [2026-02-20T03:36:34.596+0000] {dag.py:3696} INFO - Setting next_dagrun for trade_surveillance_daily to 2026-02-18T06:00:00+00:00, run_after=2026-02-19T06:00:00+00:00
[2026-02-20T03:36:34.619+0000] {processor.py:179} INFO - Processing /opt/airflow/dags/surveillance_pipeline.py took 0.109 seconds
[2026-02-20T03:37:05.560+0000] {processor.py:157} INFO - Started process (PID=174) to work on /opt/airflow/dags/surveillance_pipeline.py
[2026-02-20T03:37:05.563+0000] {processor.py:829} INFO - Processing file /opt/airflow/dags/surveillance_pipeline.py for tasks to queue
[2026-02-20T03:37:05.565+0000] {logging_mixin.py:151} INFO - [2026-02-20T03:37:05.564+0000] {dagbag.py:539} INFO - Filling up the DagBag from /opt/airflow/dags/surveillance_pipeline.py
[2026-02-20T03:37:05.612+0000] {processor.py:839} INFO - DAG(s) dict_keys(['trade_surveillance_daily']) retrieved from /opt/airflow/dags/surveillance_pipeline.py
[2026-02-20T03:37:05.683+0000] {logging_mixin.py:151} INFO - [2026-02-20T03:37:05.683+0000] {dag.py:2915} INFO - Sync 1 DAGs
[2026-02-20T03:37:05.726+0000] {logging_mixin.py:151} INFO - [2026-02-20T03:37:05.726+0000] {dag.py:3696} INFO - Setting next_dagrun for trade_surveillance_daily to 2026-02-18T06:00:00+00:00, run_after=2026-02-19T06:00:00+00:00
[2026-02-20T03:37:05.754+0000] {processor.py:179} INFO - Processing /opt/airflow/dags/surveillance_pipeline.py took 0.200 seconds
[2026-02-20T03:37:36.534+0000] {processor.py:157} INFO - Started process (PID=179) to work on /opt/airflow/dags/surveillance_pipeline.py
[2026-02-20T03:37:36.539+0000] {processor.py:829} INFO - Processing file /opt/airflow/dags/surveillance_pipeline.py for tasks to queue
[2026-02-20T03:37:36.542+0000] {logging_mixin.py:151} INFO - [2026-02-20T03:37:36.541+0000] {dagbag.py:539} INFO - Filling up the DagBag from /opt/airflow/dags/surveillance_pipeline.py
[2026-02-20T03:37:36.586+0000] {processor.py:839} INFO - DAG(s) dict_keys(['trade_surveillance_daily']) retrieved from /opt/airflow/dags/surveillance_pipeline.py
[2026-02-20T03:37:36.665+0000] {logging_mixin.py:151} INFO - [2026-02-20T03:37:36.665+0000] {dag.py:2915} INFO - Sync 1 DAGs
[2026-02-20T03:37:36.728+0000] {logging_mixin.py:151} INFO - [2026-02-20T03:37:36.728+0000] {dag.py:3696} INFO - Setting next_dagrun for trade_surveillance_daily to 2026-02-18T06:00:00+00:00, run_after=2026-02-19T06:00:00+00:00
[2026-02-20T03:37:36.775+0000] {processor.py:179} INFO - Processing /opt/airflow/dags/surveillance_pipeline.py took 0.252 seconds
[2026-02-20T03:38:07.521+0000] {processor.py:157} INFO - Started process (PID=184) to work on /opt/airflow/dags/surveillance_pipeline.py
[2026-02-20T03:38:07.526+0000] {processor.py:829} INFO - Processing file /opt/airflow/dags/surveillance_pipeline.py for tasks to queue
[2026-02-20T03:38:07.537+0000] {logging_mixin.py:151} INFO - [2026-02-20T03:38:07.528+0000] {dagbag.py:539} INFO - Filling up the DagBag from /opt/airflow/dags/surveillance_pipeline.py
[2026-02-20T03:38:07.606+0000] {processor.py:839} INFO - DAG(s) dict_keys(['trade_surveillance_daily']) retrieved from /opt/airflow/dags/surveillance_pipeline.py
[2026-02-20T03:38:07.732+0000] {logging_mixin.py:151} INFO - [2026-02-20T03:38:07.732+0000] {dag.py:2915} INFO - Sync 1 DAGs
[2026-02-20T03:38:07.808+0000] {logging_mixin.py:151} INFO - [2026-02-20T03:38:07.807+0000] {dag.py:3696} INFO - Setting next_dagrun for trade_surveillance_daily to 2026-02-18T06:00:00+00:00, run_after=2026-02-19T06:00:00+00:00
[2026-02-20T03:38:07.870+0000] {processor.py:179} INFO - Processing /opt/airflow/dags/surveillance_pipeline.py took 0.365 seconds
[2026-02-20T03:38:37.958+0000] {processor.py:157} INFO - Started process (PID=189) to work on /opt/airflow/dags/surveillance_pipeline.py
[2026-02-20T03:38:37.960+0000] {processor.py:829} INFO - Processing file /opt/airflow/dags/surveillance_pipeline.py for tasks to queue
[2026-02-20T03:38:37.962+0000] {logging_mixin.py:151} INFO - [2026-02-20T03:38:37.961+0000] {dagbag.py:539} INFO - Filling up the DagBag from /opt/airflow/dags/surveillance_pipeline.py
[2026-02-20T03:38:38.005+0000] {processor.py:839} INFO - DAG(s) dict_keys(['trade_surveillance_daily']) retrieved from /opt/airflow/dags/surveillance_pipeline.py
[2026-02-20T03:38:38.075+0000] {logging_mixin.py:151} INFO - [2026-02-20T03:38:38.075+0000] {dag.py:2915} INFO - Sync 1 DAGs
[2026-02-20T03:38:38.133+0000] {logging_mixin.py:151} INFO - [2026-02-20T03:38:38.133+0000] {dag.py:3696} INFO - Setting next_dagrun for trade_surveillance_daily to 2026-02-18T06:00:00+00:00, run_after=2026-02-19T06:00:00+00:00
[2026-02-20T03:38:38.169+0000] {processor.py:179} INFO - Processing /opt/airflow/dags/surveillance_pipeline.py took 0.223 seconds
[2026-02-20T03:39:08.759+0000] {processor.py:157} INFO - Started process (PID=194) to work on /opt/airflow/dags/surveillance_pipeline.py
[2026-02-20T03:39:08.761+0000] {processor.py:829} INFO - Processing file /opt/airflow/dags/surveillance_pipeline.py for tasks to queue
[2026-02-20T03:39:08.764+0000] {logging_mixin.py:151} INFO - [2026-02-20T03:39:08.763+0000] {dagbag.py:539} INFO - Filling up the DagBag from /opt/airflow/dags/surveillance_pipeline.py
[2026-02-20T03:39:08.797+0000] {processor.py:839} INFO - DAG(s) dict_keys(['trade_surveillance_daily']) retrieved from /opt/airflow/dags/surveillance_pipeline.py
[2026-02-20T03:39:08.874+0000] {logging_mixin.py:151} INFO - [2026-02-20T03:39:08.874+0000] {dag.py:2915} INFO - Sync 1 DAGs
[2026-02-20T03:39:08.982+0000] {logging_mixin.py:151} INFO - [2026-02-20T03:39:08.982+0000] {dag.py:3696} INFO - Setting next_dagrun for trade_surveillance_daily to 2026-02-18T06:00:00+00:00, run_after=2026-02-19T06:00:00+00:00
[2026-02-20T03:39:09.038+0000] {processor.py:179} INFO - Processing /opt/airflow/dags/surveillance_pipeline.py took 0.288 seconds
[2026-02-20T03:39:39.978+0000] {processor.py:157} INFO - Started process (PID=199) to work on /opt/airflow/dags/surveillance_pipeline.py
[2026-02-20T03:39:39.980+0000] {processor.py:829} INFO - Processing file /opt/airflow/dags/surveillance_pipeline.py for tasks to queue
[2026-02-20T03:39:39.982+0000] {logging_mixin.py:151} INFO - [2026-02-20T03:39:39.981+0000] {dagbag.py:539} INFO - Filling up the DagBag from /opt/airflow/dags/surveillance_pipeline.py
[2026-02-20T03:39:40.019+0000] {processor.py:839} INFO - DAG(s) dict_keys(['trade_surveillance_daily']) retrieved from /opt/airflow/dags/surveillance_pipeline.py
[2026-02-20T03:39:40.092+0000] {logging_mixin.py:151} INFO - [2026-02-20T03:39:40.091+0000] {dag.py:2915} INFO - Sync 1 DAGs
[2026-02-20T03:39:40.154+0000] {logging_mixin.py:151} INFO - [2026-02-20T03:39:40.153+0000] {dag.py:3696} INFO - Setting next_dagrun for trade_surveillance_daily to 2026-02-18T06:00:00+00:00, run_after=2026-02-19T06:00:00+00:00
[2026-02-20T03:39:40.212+0000] {processor.py:179} INFO - Processing /opt/airflow/dags/surveillance_pipeline.py took 0.244 seconds
[2026-02-20T03:40:10.970+0000] {processor.py:157} INFO - Started process (PID=204) to work on /opt/airflow/dags/surveillance_pipeline.py
[2026-02-20T03:40:10.972+0000] {processor.py:829} INFO - Processing file /opt/airflow/dags/surveillance_pipeline.py for tasks to queue
[2026-02-20T03:40:10.974+0000] {logging_mixin.py:151} INFO - [2026-02-20T03:40:10.973+0000] {dagbag.py:539} INFO - Filling up the DagBag from /opt/airflow/dags/surveillance_pipeline.py
[2026-02-20T03:40:11.008+0000] {processor.py:839} INFO - DAG(s) dict_keys(['trade_surveillance_daily']) retrieved from /opt/airflow/dags/surveillance_pipeline.py
[2026-02-20T03:40:11.109+0000] {logging_mixin.py:151} INFO - [2026-02-20T03:40:11.109+0000] {dag.py:2915} INFO - Sync 1 DAGs
[2026-02-20T03:40:11.181+0000] {logging_mixin.py:151} INFO - [2026-02-20T03:40:11.181+0000] {dag.py:3696} INFO - Setting next_dagrun for trade_surveillance_daily to 2026-02-18T06:00:00+00:00, run_after=2026-02-19T06:00:00+00:00
[2026-02-20T03:40:11.220+0000] {processor.py:179} INFO - Processing /opt/airflow/dags/surveillance_pipeline.py took 0.259 seconds
[2026-02-20T03:40:42.048+0000] {processor.py:157} INFO - Started process (PID=209) to work on /opt/airflow/dags/surveillance_pipeline.py
[2026-02-20T03:40:42.050+0000] {processor.py:829} INFO - Processing file /opt/airflow/dags/surveillance_pipeline.py for tasks to queue
[2026-02-20T03:40:42.051+0000] {logging_mixin.py:151} INFO - [2026-02-20T03:40:42.051+0000] {dagbag.py:539} INFO - Filling up the DagBag from /opt/airflow/dags/surveillance_pipeline.py
[2026-02-20T03:40:42.081+0000] {processor.py:839} INFO - DAG(s) dict_keys(['trade_surveillance_daily']) retrieved from /opt/airflow/dags/surveillance_pipeline.py
[2026-02-20T03:40:42.160+0000] {logging_mixin.py:151} INFO - [2026-02-20T03:40:42.160+0000] {dag.py:2915} INFO - Sync 1 DAGs
[2026-02-20T03:40:42.204+0000] {logging_mixin.py:151} INFO - [2026-02-20T03:40:42.204+0000] {dag.py:3696} INFO - Setting next_dagrun for trade_surveillance_daily to 2026-02-18T06:00:00+00:00, run_after=2026-02-19T06:00:00+00:00
[2026-02-20T03:40:42.240+0000] {processor.py:179} INFO - Processing /opt/airflow/dags/surveillance_pipeline.py took 0.199 seconds
[2026-02-20T03:41:13.014+0000] {processor.py:157} INFO - Started process (PID=214) to work on /opt/airflow/dags/surveillance_pipeline.py
[2026-02-20T03:41:13.017+0000] {processor.py:829} INFO - Processing file /opt/airflow/dags/surveillance_pipeline.py for tasks to queue
[2026-02-20T03:41:13.020+0000] {logging_mixin.py:151} INFO - [2026-02-20T03:41:13.019+0000] {dagbag.py:539} INFO - Filling up the DagBag from /opt/airflow/dags/surveillance_pipeline.py
[2026-02-20T03:41:13.090+0000] {processor.py:839} INFO - DAG(s) dict_keys(['trade_surveillance_daily']) retrieved from /opt/airflow/dags/surveillance_pipeline.py
[2026-02-20T03:41:13.187+0000] {logging_mixin.py:151} INFO - [2026-02-20T03:41:13.187+0000] {dag.py:2915} INFO - Sync 1 DAGs
[2026-02-20T03:41:13.242+0000] {logging_mixin.py:151} INFO - [2026-02-20T03:41:13.241+0000] {dag.py:3696} INFO - Setting next_dagrun for trade_surveillance_daily to 2026-02-18T06:00:00+00:00, run_after=2026-02-19T06:00:00+00:00
[2026-02-20T03:41:13.280+0000] {processor.py:179} INFO - Processing /opt/airflow/dags/surveillance_pipeline.py took 0.276 seconds
[2026-02-20T03:41:43.746+0000] {processor.py:157} INFO - Started process (PID=219) to work on /opt/airflow/dags/surveillance_pipeline.py
[2026-02-20T03:41:43.748+0000] {processor.py:829} INFO - Processing file /opt/airflow/dags/surveillance_pipeline.py for tasks to queue
[2026-02-20T03:41:43.750+0000] {logging_mixin.py:151} INFO - [2026-02-20T03:41:43.749+0000] {dagbag.py:539} INFO - Filling up the DagBag from /opt/airflow/dags/surveillance_pipeline.py
[2026-02-20T03:41:43.785+0000] {processor.py:839} INFO - DAG(s) dict_keys(['trade_surveillance_daily']) retrieved from /opt/airflow/dags/surveillance_pipeline.py
[2026-02-20T03:41:43.867+0000] {logging_mixin.py:151} INFO - [2026-02-20T03:41:43.867+0000] {dag.py:2915} INFO - Sync 1 DAGs
[2026-02-20T03:41:43.911+0000] {logging_mixin.py:151} INFO - [2026-02-20T03:41:43.911+0000] {dag.py:3696} INFO - Setting next_dagrun for trade_surveillance_daily to 2026-02-18T06:00:00+00:00, run_after=2026-02-19T06:00:00+00:00
[2026-02-20T03:41:43.955+0000] {processor.py:179} INFO - Processing /opt/airflow/dags/surveillance_pipeline.py took 0.216 seconds
[2026-02-20T03:42:14.017+0000] {processor.py:157} INFO - Started process (PID=233) to work on /opt/airflow/dags/surveillance_pipeline.py
[2026-02-20T03:42:14.019+0000] {processor.py:829} INFO - Processing file /opt/airflow/dags/surveillance_pipeline.py for tasks to queue
[2026-02-20T03:42:14.020+0000] {logging_mixin.py:151} INFO - [2026-02-20T03:42:14.020+0000] {dagbag.py:539} INFO - Filling up the DagBag from /opt/airflow/dags/surveillance_pipeline.py
[2026-02-20T03:42:14.053+0000] {processor.py:839} INFO - DAG(s) dict_keys(['trade_surveillance_daily']) retrieved from /opt/airflow/dags/surveillance_pipeline.py
[2026-02-20T03:42:14.166+0000] {logging_mixin.py:151} INFO - [2026-02-20T03:42:14.165+0000] {dag.py:2915} INFO - Sync 1 DAGs
[2026-02-20T03:42:14.242+0000] {logging_mixin.py:151} INFO - [2026-02-20T03:42:14.242+0000] {dag.py:3696} INFO - Setting next_dagrun for trade_surveillance_daily to 2026-02-19T06:00:00+00:00, run_after=2026-02-20T06:00:00+00:00
[2026-02-20T03:42:14.278+0000] {processor.py:179} INFO - Processing /opt/airflow/dags/surveillance_pipeline.py took 0.267 seconds
[2026-02-20T03:42:44.926+0000] {processor.py:157} INFO - Started process (PID=238) to work on /opt/airflow/dags/surveillance_pipeline.py
[2026-02-20T03:42:44.928+0000] {processor.py:829} INFO - Processing file /opt/airflow/dags/surveillance_pipeline.py for tasks to queue
[2026-02-20T03:42:44.929+0000] {logging_mixin.py:151} INFO - [2026-02-20T03:42:44.929+0000] {dagbag.py:539} INFO - Filling up the DagBag from /opt/airflow/dags/surveillance_pipeline.py
[2026-02-20T03:42:44.959+0000] {processor.py:839} INFO - DAG(s) dict_keys(['trade_surveillance_daily']) retrieved from /opt/airflow/dags/surveillance_pipeline.py
[2026-02-20T03:42:45.017+0000] {logging_mixin.py:151} INFO - [2026-02-20T03:42:45.017+0000] {dag.py:2915} INFO - Sync 1 DAGs
[2026-02-20T03:42:45.056+0000] {logging_mixin.py:151} INFO - [2026-02-20T03:42:45.056+0000] {dag.py:3696} INFO - Setting next_dagrun for trade_surveillance_daily to 2026-02-19T06:00:00+00:00, run_after=2026-02-20T06:00:00+00:00
[2026-02-20T03:42:45.084+0000] {processor.py:179} INFO - Processing /opt/airflow/dags/surveillance_pipeline.py took 0.164 seconds
[2026-02-20T03:43:15.490+0000] {processor.py:157} INFO - Started process (PID=243) to work on /opt/airflow/dags/surveillance_pipeline.py
[2026-02-20T03:43:15.491+0000] {processor.py:829} INFO - Processing file /opt/airflow/dags/surveillance_pipeline.py for tasks to queue
[2026-02-20T03:43:15.493+0000] {logging_mixin.py:151} INFO - [2026-02-20T03:43:15.492+0000] {dagbag.py:539} INFO - Filling up the DagBag from /opt/airflow/dags/surveillance_pipeline.py
[2026-02-20T03:43:15.523+0000] {processor.py:839} INFO - DAG(s) dict_keys(['trade_surveillance_daily']) retrieved from /opt/airflow/dags/surveillance_pipeline.py
[2026-02-20T03:43:15.578+0000] {logging_mixin.py:151} INFO - [2026-02-20T03:43:15.578+0000] {dag.py:2915} INFO - Sync 1 DAGs
[2026-02-20T03:43:15.617+0000] {logging_mixin.py:151} INFO - [2026-02-20T03:43:15.616+0000] {dag.py:3696} INFO - Setting next_dagrun for trade_surveillance_daily to 2026-02-19T06:00:00+00:00, run_after=2026-02-20T06:00:00+00:00
[2026-02-20T03:43:15.676+0000] {processor.py:179} INFO - Processing /opt/airflow/dags/surveillance_pipeline.py took 0.193 seconds
[2026-02-20T03:43:46.526+0000] {processor.py:157} INFO - Started process (PID=248) to work on /opt/airflow/dags/surveillance_pipeline.py
[2026-02-20T03:43:46.527+0000] {processor.py:829} INFO - Processing file /opt/airflow/dags/surveillance_pipeline.py for tasks to queue
[2026-02-20T03:43:46.528+0000] {logging_mixin.py:151} INFO - [2026-02-20T03:43:46.527+0000] {dagbag.py:539} INFO - Filling up the DagBag from /opt/airflow/dags/surveillance_pipeline.py
[2026-02-20T03:43:46.548+0000] {processor.py:839} INFO - DAG(s) dict_keys(['trade_surveillance_daily']) retrieved from /opt/airflow/dags/surveillance_pipeline.py
[2026-02-20T03:43:46.591+0000] {logging_mixin.py:151} INFO - [2026-02-20T03:43:46.591+0000] {dag.py:2915} INFO - Sync 1 DAGs
[2026-02-20T03:43:46.622+0000] {logging_mixin.py:151} INFO - [2026-02-20T03:43:46.621+0000] {dag.py:3696} INFO - Setting next_dagrun for trade_surveillance_daily to 2026-02-19T06:00:00+00:00, run_after=2026-02-20T06:00:00+00:00
[2026-02-20T03:43:46.648+0000] {processor.py:179} INFO - Processing /opt/airflow/dags/surveillance_pipeline.py took 0.126 seconds
[2026-02-20T03:44:17.371+0000] {processor.py:157} INFO - Started process (PID=253) to work on /opt/airflow/dags/surveillance_pipeline.py
[2026-02-20T03:44:17.381+0000] {processor.py:829} INFO - Processing file /opt/airflow/dags/surveillance_pipeline.py for tasks to queue
[2026-02-20T03:44:17.382+0000] {logging_mixin.py:151} INFO - [2026-02-20T03:44:17.382+0000] {dagbag.py:539} INFO - Filling up the DagBag from /opt/airflow/dags/surveillance_pipeline.py
[2026-02-20T03:44:17.406+0000] {processor.py:839} INFO - DAG(s) dict_keys(['trade_surveillance_daily']) retrieved from /opt/airflow/dags/surveillance_pipeline.py
[2026-02-20T03:44:17.450+0000] {logging_mixin.py:151} INFO - [2026-02-20T03:44:17.449+0000] {dag.py:2915} INFO - Sync 1 DAGs
[2026-02-20T03:44:17.485+0000] {logging_mixin.py:151} INFO - [2026-02-20T03:44:17.485+0000] {dag.py:3696} INFO - Setting next_dagrun for trade_surveillance_daily to 2026-02-19T06:00:00+00:00, run_after=2026-02-20T06:00:00+00:00
[2026-02-20T03:44:17.511+0000] {processor.py:179} INFO - Processing /opt/airflow/dags/surveillance_pipeline.py took 0.150 seconds
[2026-02-20T14:40:30.862+0000] {processor.py:157} INFO - Started process (PID=163) to work on /opt/airflow/dags/surveillance_pipeline.py
[2026-02-20T14:40:30.864+0000] {processor.py:829} INFO - Processing file /opt/airflow/dags/surveillance_pipeline.py for tasks to queue
[2026-02-20T14:40:30.865+0000] {logging_mixin.py:151} INFO - [2026-02-20T14:40:30.865+0000] {dagbag.py:539} INFO - Filling up the DagBag from /opt/airflow/dags/surveillance_pipeline.py
[2026-02-20T14:40:30.885+0000] {processor.py:839} INFO - DAG(s) dict_keys(['trade_surveillance_daily']) retrieved from /opt/airflow/dags/surveillance_pipeline.py
[2026-02-20T14:40:30.919+0000] {logging_mixin.py:151} INFO - [2026-02-20T14:40:30.919+0000] {dag.py:2915} INFO - Sync 1 DAGs
[2026-02-20T14:40:30.948+0000] {logging_mixin.py:151} INFO - [2026-02-20T14:40:30.947+0000] {dag.py:3696} INFO - Setting next_dagrun for trade_surveillance_daily to 2026-02-20T06:00:00+00:00, run_after=2026-02-23T06:00:00+00:00
[2026-02-20T14:40:30.974+0000] {processor.py:179} INFO - Processing /opt/airflow/dags/surveillance_pipeline.py took 0.116 seconds
[2026-02-20T14:41:01.048+0000] {processor.py:157} INFO - Started process (PID=178) to work on /opt/airflow/dags/surveillance_pipeline.py
[2026-02-20T14:41:01.049+0000] {processor.py:829} INFO - Processing file /opt/airflow/dags/surveillance_pipeline.py for tasks to queue
[2026-02-20T14:41:01.050+0000] {logging_mixin.py:151} INFO - [2026-02-20T14:41:01.050+0000] {dagbag.py:539} INFO - Filling up the DagBag from /opt/airflow/dags/surveillance_pipeline.py
[2026-02-20T14:41:01.069+0000] {processor.py:839} INFO - DAG(s) dict_keys(['trade_surveillance_daily']) retrieved from /opt/airflow/dags/surveillance_pipeline.py
[2026-02-20T14:41:01.119+0000] {logging_mixin.py:151} INFO - [2026-02-20T14:41:01.119+0000] {dag.py:2915} INFO - Sync 1 DAGs
[2026-02-20T14:41:01.145+0000] {logging_mixin.py:151} INFO - [2026-02-20T14:41:01.145+0000] {dag.py:3696} INFO - Setting next_dagrun for trade_surveillance_daily to 2026-02-20T06:00:00+00:00, run_after=2026-02-23T06:00:00+00:00
[2026-02-20T14:41:01.165+0000] {processor.py:179} INFO - Processing /opt/airflow/dags/surveillance_pipeline.py took 0.122 seconds
[2026-02-20T14:41:31.329+0000] {processor.py:157} INFO - Started process (PID=183) to work on /opt/airflow/dags/surveillance_pipeline.py
[2026-02-20T14:41:31.336+0000] {processor.py:829} INFO - Processing file /opt/airflow/dags/surveillance_pipeline.py for tasks to queue
[2026-02-20T14:41:31.337+0000] {logging_mixin.py:151} INFO - [2026-02-20T14:41:31.337+0000] {dagbag.py:539} INFO - Filling up the DagBag from /opt/airflow/dags/surveillance_pipeline.py
[2026-02-20T14:41:31.353+0000] {processor.py:839} INFO - DAG(s) dict_keys(['trade_surveillance_daily']) retrieved from /opt/airflow/dags/surveillance_pipeline.py
[2026-02-20T14:41:31.389+0000] {logging_mixin.py:151} INFO - [2026-02-20T14:41:31.389+0000] {dag.py:2915} INFO - Sync 1 DAGs
[2026-02-20T14:41:31.415+0000] {logging_mixin.py:151} INFO - [2026-02-20T14:41:31.415+0000] {dag.py:3696} INFO - Setting next_dagrun for trade_surveillance_daily to 2026-02-20T06:00:00+00:00, run_after=2026-02-23T06:00:00+00:00
[2026-02-20T14:41:31.434+0000] {processor.py:179} INFO - Processing /opt/airflow/dags/surveillance_pipeline.py took 0.110 seconds
[2026-02-20T14:42:01.662+0000] {processor.py:157} INFO - Started process (PID=188) to work on /opt/airflow/dags/surveillance_pipeline.py
[2026-02-20T14:42:01.663+0000] {processor.py:829} INFO - Processing file /opt/airflow/dags/surveillance_pipeline.py for tasks to queue
[2026-02-20T14:42:01.665+0000] {logging_mixin.py:151} INFO - [2026-02-20T14:42:01.664+0000] {dagbag.py:539} INFO - Filling up the DagBag from /opt/airflow/dags/surveillance_pipeline.py
[2026-02-20T14:42:01.699+0000] {processor.py:839} INFO - DAG(s) dict_keys(['trade_surveillance_daily']) retrieved from /opt/airflow/dags/surveillance_pipeline.py
[2026-02-20T14:42:01.738+0000] {logging_mixin.py:151} INFO - [2026-02-20T14:42:01.738+0000] {dag.py:2915} INFO - Sync 1 DAGs
[2026-02-20T14:42:01.765+0000] {logging_mixin.py:151} INFO - [2026-02-20T14:42:01.765+0000] {dag.py:3696} INFO - Setting next_dagrun for trade_surveillance_daily to 2026-02-20T06:00:00+00:00, run_after=2026-02-23T06:00:00+00:00
[2026-02-20T14:42:01.785+0000] {processor.py:179} INFO - Processing /opt/airflow/dags/surveillance_pipeline.py took 0.138 seconds
[2026-02-20T14:42:31.886+0000] {processor.py:157} INFO - Started process (PID=193) to work on /opt/airflow/dags/surveillance_pipeline.py
[2026-02-20T14:42:31.895+0000] {processor.py:829} INFO - Processing file /opt/airflow/dags/surveillance_pipeline.py for tasks to queue
[2026-02-20T14:42:31.896+0000] {logging_mixin.py:151} INFO - [2026-02-20T14:42:31.895+0000] {dagbag.py:539} INFO - Filling up the DagBag from /opt/airflow/dags/surveillance_pipeline.py
[2026-02-20T14:42:31.920+0000] {processor.py:839} INFO - DAG(s) dict_keys(['trade_surveillance_daily']) retrieved from /opt/airflow/dags/surveillance_pipeline.py
[2026-02-20T14:42:31.960+0000] {logging_mixin.py:151} INFO - [2026-02-20T14:42:31.959+0000] {dag.py:2915} INFO - Sync 1 DAGs
[2026-02-20T14:42:31.985+0000] {logging_mixin.py:151} INFO - [2026-02-20T14:42:31.985+0000] {dag.py:3696} INFO - Setting next_dagrun for trade_surveillance_daily to 2026-02-20T06:00:00+00:00, run_after=2026-02-23T06:00:00+00:00
[2026-02-20T14:42:32.004+0000] {processor.py:179} INFO - Processing /opt/airflow/dags/surveillance_pipeline.py took 0.123 seconds
[2026-02-20T14:43:02.240+0000] {processor.py:157} INFO - Started process (PID=198) to work on /opt/airflow/dags/surveillance_pipeline.py
[2026-02-20T14:43:02.241+0000] {processor.py:829} INFO - Processing file /opt/airflow/dags/surveillance_pipeline.py for tasks to queue
[2026-02-20T14:43:02.242+0000] {logging_mixin.py:151} INFO - [2026-02-20T14:43:02.241+0000] {dagbag.py:539} INFO - Filling up the DagBag from /opt/airflow/dags/surveillance_pipeline.py
[2026-02-20T14:43:02.263+0000] {processor.py:839} INFO - DAG(s) dict_keys(['trade_surveillance_daily']) retrieved from /opt/airflow/dags/surveillance_pipeline.py
[2026-02-20T14:43:02.302+0000] {logging_mixin.py:151} INFO - [2026-02-20T14:43:02.302+0000] {dag.py:2915} INFO - Sync 1 DAGs
[2026-02-20T14:43:02.329+0000] {logging_mixin.py:151} INFO - [2026-02-20T14:43:02.329+0000] {dag.py:3696} INFO - Setting next_dagrun for trade_surveillance_daily to 2026-02-20T06:00:00+00:00, run_after=2026-02-23T06:00:00+00:00
[2026-02-20T14:43:02.349+0000] {processor.py:179} INFO - Processing /opt/airflow/dags/surveillance_pipeline.py took 0.114 seconds
[2026-02-20T14:43:32.542+0000] {processor.py:157} INFO - Started process (PID=203) to work on /opt/airflow/dags/surveillance_pipeline.py
[2026-02-20T14:43:32.551+0000] {processor.py:829} INFO - Processing file /opt/airflow/dags/surveillance_pipeline.py for tasks to queue
[2026-02-20T14:43:32.553+0000] {logging_mixin.py:151} INFO - [2026-02-20T14:43:32.552+0000] {dagbag.py:539} INFO - Filling up the DagBag from /opt/airflow/dags/surveillance_pipeline.py
[2026-02-20T14:43:32.575+0000] {processor.py:839} INFO - DAG(s) dict_keys(['trade_surveillance_daily']) retrieved from /opt/airflow/dags/surveillance_pipeline.py
[2026-02-20T14:43:32.617+0000] {logging_mixin.py:151} INFO - [2026-02-20T14:43:32.617+0000] {dag.py:2915} INFO - Sync 1 DAGs
[2026-02-20T14:43:32.643+0000] {logging_mixin.py:151} INFO - [2026-02-20T14:43:32.643+0000] {dag.py:3696} INFO - Setting next_dagrun for trade_surveillance_daily to 2026-02-20T06:00:00+00:00, run_after=2026-02-23T06:00:00+00:00
[2026-02-20T14:43:32.663+0000] {processor.py:179} INFO - Processing /opt/airflow/dags/surveillance_pipeline.py took 0.126 seconds
[2026-02-20T14:44:02.824+0000] {processor.py:157} INFO - Started process (PID=208) to work on /opt/airflow/dags/surveillance_pipeline.py
[2026-02-20T14:44:02.826+0000] {processor.py:829} INFO - Processing file /opt/airflow/dags/surveillance_pipeline.py for tasks to queue
[2026-02-20T14:44:02.828+0000] {logging_mixin.py:151} INFO - [2026-02-20T14:44:02.827+0000] {dagbag.py:539} INFO - Filling up the DagBag from /opt/airflow/dags/surveillance_pipeline.py
[2026-02-20T14:44:02.850+0000] {processor.py:839} INFO - DAG(s) dict_keys(['trade_surveillance_daily']) retrieved from /opt/airflow/dags/surveillance_pipeline.py
[2026-02-20T14:44:02.884+0000] {logging_mixin.py:151} INFO - [2026-02-20T14:44:02.884+0000] {dag.py:2915} INFO - Sync 1 DAGs
[2026-02-20T14:44:02.908+0000] {logging_mixin.py:151} INFO - [2026-02-20T14:44:02.908+0000] {dag.py:3696} INFO - Setting next_dagrun for trade_surveillance_daily to 2026-02-20T06:00:00+00:00, run_after=2026-02-23T06:00:00+00:00
[2026-02-20T14:44:02.928+0000] {processor.py:179} INFO - Processing /opt/airflow/dags/surveillance_pipeline.py took 0.110 seconds
[2026-02-20T14:44:33.074+0000] {processor.py:157} INFO - Started process (PID=213) to work on /opt/airflow/dags/surveillance_pipeline.py
[2026-02-20T14:44:33.075+0000] {processor.py:829} INFO - Processing file /opt/airflow/dags/surveillance_pipeline.py for tasks to queue
[2026-02-20T14:44:33.076+0000] {logging_mixin.py:151} INFO - [2026-02-20T14:44:33.075+0000] {dagbag.py:539} INFO - Filling up the DagBag from /opt/airflow/dags/surveillance_pipeline.py
[2026-02-20T14:44:33.096+0000] {processor.py:839} INFO - DAG(s) dict_keys(['trade_surveillance_daily']) retrieved from /opt/airflow/dags/surveillance_pipeline.py
[2026-02-20T14:44:33.137+0000] {logging_mixin.py:151} INFO - [2026-02-20T14:44:33.137+0000] {dag.py:2915} INFO - Sync 1 DAGs
[2026-02-20T14:44:33.163+0000] {logging_mixin.py:151} INFO - [2026-02-20T14:44:33.163+0000] {dag.py:3696} INFO - Setting next_dagrun for trade_surveillance_daily to 2026-02-20T06:00:00+00:00, run_after=2026-02-23T06:00:00+00:00
[2026-02-20T14:44:33.185+0000] {processor.py:179} INFO - Processing /opt/airflow/dags/surveillance_pipeline.py took 0.114 seconds
[2026-02-20T14:45:03.342+0000] {processor.py:157} INFO - Started process (PID=218) to work on /opt/airflow/dags/surveillance_pipeline.py
[2026-02-20T14:45:03.343+0000] {processor.py:829} INFO - Processing file /opt/airflow/dags/surveillance_pipeline.py for tasks to queue
[2026-02-20T14:45:03.343+0000] {logging_mixin.py:151} INFO - [2026-02-20T14:45:03.343+0000] {dagbag.py:539} INFO - Filling up the DagBag from /opt/airflow/dags/surveillance_pipeline.py
[2026-02-20T14:45:03.363+0000] {processor.py:839} INFO - DAG(s) dict_keys(['trade_surveillance_daily']) retrieved from /opt/airflow/dags/surveillance_pipeline.py
[2026-02-20T14:45:03.411+0000] {logging_mixin.py:151} INFO - [2026-02-20T14:45:03.411+0000] {dag.py:2915} INFO - Sync 1 DAGs
[2026-02-20T14:45:03.441+0000] {logging_mixin.py:151} INFO - [2026-02-20T14:45:03.441+0000] {dag.py:3696} INFO - Setting next_dagrun for trade_surveillance_daily to 2026-02-20T06:00:00+00:00, run_after=2026-02-23T06:00:00+00:00
[2026-02-20T14:45:03.464+0000] {processor.py:179} INFO - Processing /opt/airflow/dags/surveillance_pipeline.py took 0.125 seconds
[2026-02-20T14:45:33.597+0000] {processor.py:157} INFO - Started process (PID=223) to work on /opt/airflow/dags/surveillance_pipeline.py
[2026-02-20T14:45:33.605+0000] {processor.py:829} INFO - Processing file /opt/airflow/dags/surveillance_pipeline.py for tasks to queue
[2026-02-20T14:45:33.606+0000] {logging_mixin.py:151} INFO - [2026-02-20T14:45:33.606+0000] {dagbag.py:539} INFO - Filling up the DagBag from /opt/airflow/dags/surveillance_pipeline.py
[2026-02-20T14:45:33.626+0000] {processor.py:839} INFO - DAG(s) dict_keys(['trade_surveillance_daily']) retrieved from /opt/airflow/dags/surveillance_pipeline.py
[2026-02-20T14:45:33.663+0000] {logging_mixin.py:151} INFO - [2026-02-20T14:45:33.663+0000] {dag.py:2915} INFO - Sync 1 DAGs
[2026-02-20T14:45:33.689+0000] {logging_mixin.py:151} INFO - [2026-02-20T14:45:33.689+0000] {dag.py:3696} INFO - Setting next_dagrun for trade_surveillance_daily to 2026-02-20T06:00:00+00:00, run_after=2026-02-23T06:00:00+00:00
[2026-02-20T14:45:33.709+0000] {processor.py:179} INFO - Processing /opt/airflow/dags/surveillance_pipeline.py took 0.116 seconds
[2026-02-20T14:46:03.865+0000] {processor.py:157} INFO - Started process (PID=228) to work on /opt/airflow/dags/surveillance_pipeline.py
[2026-02-20T14:46:03.873+0000] {processor.py:829} INFO - Processing file /opt/airflow/dags/surveillance_pipeline.py for tasks to queue
[2026-02-20T14:46:03.874+0000] {logging_mixin.py:151} INFO - [2026-02-20T14:46:03.874+0000] {dagbag.py:539} INFO - Filling up the DagBag from /opt/airflow/dags/surveillance_pipeline.py
[2026-02-20T14:46:03.894+0000] {processor.py:839} INFO - DAG(s) dict_keys(['trade_surveillance_daily']) retrieved from /opt/airflow/dags/surveillance_pipeline.py
[2026-02-20T14:46:03.936+0000] {logging_mixin.py:151} INFO - [2026-02-20T14:46:03.936+0000] {dag.py:2915} INFO - Sync 1 DAGs
[2026-02-20T14:46:03.964+0000] {logging_mixin.py:151} INFO - [2026-02-20T14:46:03.964+0000] {dag.py:3696} INFO - Setting next_dagrun for trade_surveillance_daily to 2026-02-20T06:00:00+00:00, run_after=2026-02-23T06:00:00+00:00
[2026-02-20T14:46:03.990+0000] {processor.py:179} INFO - Processing /opt/airflow/dags/surveillance_pipeline.py took 0.129 seconds
[2026-02-20T14:46:34.131+0000] {processor.py:157} INFO - Started process (PID=233) to work on /opt/airflow/dags/surveillance_pipeline.py
[2026-02-20T14:46:34.141+0000] {processor.py:829} INFO - Processing file /opt/airflow/dags/surveillance_pipeline.py for tasks to queue
[2026-02-20T14:46:34.142+0000] {logging_mixin.py:151} INFO - [2026-02-20T14:46:34.141+0000] {dagbag.py:539} INFO - Filling up the DagBag from /opt/airflow/dags/surveillance_pipeline.py
[2026-02-20T14:46:34.166+0000] {processor.py:839} INFO - DAG(s) dict_keys(['trade_surveillance_daily']) retrieved from /opt/airflow/dags/surveillance_pipeline.py
[2026-02-20T14:46:34.203+0000] {logging_mixin.py:151} INFO - [2026-02-20T14:46:34.203+0000] {dag.py:2915} INFO - Sync 1 DAGs
[2026-02-20T14:46:34.228+0000] {logging_mixin.py:151} INFO - [2026-02-20T14:46:34.228+0000] {dag.py:3696} INFO - Setting next_dagrun for trade_surveillance_daily to 2026-02-20T06:00:00+00:00, run_after=2026-02-23T06:00:00+00:00
[2026-02-20T14:46:34.247+0000] {processor.py:179} INFO - Processing /opt/airflow/dags/surveillance_pipeline.py took 0.121 seconds
[2026-02-20T14:47:04.439+0000] {processor.py:157} INFO - Started process (PID=238) to work on /opt/airflow/dags/surveillance_pipeline.py
[2026-02-20T14:47:04.448+0000] {processor.py:829} INFO - Processing file /opt/airflow/dags/surveillance_pipeline.py for tasks to queue
[2026-02-20T14:47:04.449+0000] {logging_mixin.py:151} INFO - [2026-02-20T14:47:04.449+0000] {dagbag.py:539} INFO - Filling up the DagBag from /opt/airflow/dags/surveillance_pipeline.py
[2026-02-20T14:47:04.471+0000] {processor.py:839} INFO - DAG(s) dict_keys(['trade_surveillance_daily']) retrieved from /opt/airflow/dags/surveillance_pipeline.py
[2026-02-20T14:47:04.512+0000] {logging_mixin.py:151} INFO - [2026-02-20T14:47:04.512+0000] {dag.py:2915} INFO - Sync 1 DAGs
[2026-02-20T14:47:04.537+0000] {logging_mixin.py:151} INFO - [2026-02-20T14:47:04.537+0000] {dag.py:3696} INFO - Setting next_dagrun for trade_surveillance_daily to 2026-02-20T06:00:00+00:00, run_after=2026-02-23T06:00:00+00:00
[2026-02-20T14:47:04.557+0000] {processor.py:179} INFO - Processing /opt/airflow/dags/surveillance_pipeline.py took 0.124 seconds
[2026-02-20T14:47:34.685+0000] {processor.py:157} INFO - Started process (PID=243) to work on /opt/airflow/dags/surveillance_pipeline.py
[2026-02-20T14:47:34.686+0000] {processor.py:829} INFO - Processing file /opt/airflow/dags/surveillance_pipeline.py for tasks to queue
[2026-02-20T14:47:34.687+0000] {logging_mixin.py:151} INFO - [2026-02-20T14:47:34.687+0000] {dagbag.py:539} INFO - Filling up the DagBag from /opt/airflow/dags/surveillance_pipeline.py
[2026-02-20T14:47:34.707+0000] {processor.py:839} INFO - DAG(s) dict_keys(['trade_surveillance_daily']) retrieved from /opt/airflow/dags/surveillance_pipeline.py
[2026-02-20T14:47:34.755+0000] {logging_mixin.py:151} INFO - [2026-02-20T14:47:34.755+0000] {dag.py:2915} INFO - Sync 1 DAGs
[2026-02-20T14:47:34.788+0000] {logging_mixin.py:151} INFO - [2026-02-20T14:47:34.788+0000] {dag.py:3696} INFO - Setting next_dagrun for trade_surveillance_daily to 2026-02-20T06:00:00+00:00, run_after=2026-02-23T06:00:00+00:00
[2026-02-20T14:47:34.817+0000] {processor.py:179} INFO - Processing /opt/airflow/dags/surveillance_pipeline.py took 0.135 seconds
[2026-02-20T14:48:04.947+0000] {processor.py:157} INFO - Started process (PID=248) to work on /opt/airflow/dags/surveillance_pipeline.py
[2026-02-20T14:48:04.948+0000] {processor.py:829} INFO - Processing file /opt/airflow/dags/surveillance_pipeline.py for tasks to queue
[2026-02-20T14:48:04.949+0000] {logging_mixin.py:151} INFO - [2026-02-20T14:48:04.948+0000] {dagbag.py:539} INFO - Filling up the DagBag from /opt/airflow/dags/surveillance_pipeline.py
[2026-02-20T14:48:04.970+0000] {processor.py:839} INFO - DAG(s) dict_keys(['trade_surveillance_daily']) retrieved from /opt/airflow/dags/surveillance_pipeline.py
[2026-02-20T14:48:05.009+0000] {logging_mixin.py:151} INFO - [2026-02-20T14:48:05.008+0000] {dag.py:2915} INFO - Sync 1 DAGs
[2026-02-20T14:48:05.038+0000] {logging_mixin.py:151} INFO - [2026-02-20T14:48:05.038+0000] {dag.py:3696} INFO - Setting next_dagrun for trade_surveillance_daily to 2026-02-20T06:00:00+00:00, run_after=2026-02-23T06:00:00+00:00
[2026-02-20T14:48:05.063+0000] {processor.py:179} INFO - Processing /opt/airflow/dags/surveillance_pipeline.py took 0.120 seconds
[2026-02-20T14:48:35.208+0000] {processor.py:157} INFO - Started process (PID=253) to work on /opt/airflow/dags/surveillance_pipeline.py
[2026-02-20T14:48:35.219+0000] {processor.py:829} INFO - Processing file /opt/airflow/dags/surveillance_pipeline.py for tasks to queue
[2026-02-20T14:48:35.223+0000] {logging_mixin.py:151} INFO - [2026-02-20T14:48:35.221+0000] {dagbag.py:539} INFO - Filling up the DagBag from /opt/airflow/dags/surveillance_pipeline.py
[2026-02-20T14:48:35.262+0000] {processor.py:839} INFO - DAG(s) dict_keys(['trade_surveillance_daily']) retrieved from /opt/airflow/dags/surveillance_pipeline.py
[2026-02-20T14:48:35.317+0000] {logging_mixin.py:151} INFO - [2026-02-20T14:48:35.317+0000] {dag.py:2915} INFO - Sync 1 DAGs
[2026-02-20T14:48:35.347+0000] {logging_mixin.py:151} INFO - [2026-02-20T14:48:35.347+0000] {dag.py:3696} INFO - Setting next_dagrun for trade_surveillance_daily to 2026-02-20T06:00:00+00:00, run_after=2026-02-23T06:00:00+00:00
[2026-02-20T14:48:35.371+0000] {processor.py:179} INFO - Processing /opt/airflow/dags/surveillance_pipeline.py took 0.168 seconds
[2026-02-20T14:49:05.512+0000] {processor.py:157} INFO - Started process (PID=258) to work on /opt/airflow/dags/surveillance_pipeline.py
[2026-02-20T14:49:05.521+0000] {processor.py:829} INFO - Processing file /opt/airflow/dags/surveillance_pipeline.py for tasks to queue
[2026-02-20T14:49:05.522+0000] {logging_mixin.py:151} INFO - [2026-02-20T14:49:05.521+0000] {dagbag.py:539} INFO - Filling up the DagBag from /opt/airflow/dags/surveillance_pipeline.py
[2026-02-20T14:49:05.545+0000] {processor.py:839} INFO - DAG(s) dict_keys(['trade_surveillance_daily']) retrieved from /opt/airflow/dags/surveillance_pipeline.py
[2026-02-20T14:49:05.584+0000] {logging_mixin.py:151} INFO - [2026-02-20T14:49:05.584+0000] {dag.py:2915} INFO - Sync 1 DAGs
[2026-02-20T14:49:05.611+0000] {logging_mixin.py:151} INFO - [2026-02-20T14:49:05.610+0000] {dag.py:3696} INFO - Setting next_dagrun for trade_surveillance_daily to 2026-02-20T06:00:00+00:00, run_after=2026-02-23T06:00:00+00:00
[2026-02-20T14:49:05.631+0000] {processor.py:179} INFO - Processing /opt/airflow/dags/surveillance_pipeline.py took 0.126 seconds
[2026-02-20T14:49:35.880+0000] {processor.py:157} INFO - Started process (PID=263) to work on /opt/airflow/dags/surveillance_pipeline.py
[2026-02-20T14:49:35.889+0000] {processor.py:829} INFO - Processing file /opt/airflow/dags/surveillance_pipeline.py for tasks to queue
[2026-02-20T14:49:35.890+0000] {logging_mixin.py:151} INFO - [2026-02-20T14:49:35.889+0000] {dagbag.py:539} INFO - Filling up the DagBag from /opt/airflow/dags/surveillance_pipeline.py
[2026-02-20T14:49:35.911+0000] {processor.py:839} INFO - DAG(s) dict_keys(['trade_surveillance_daily']) retrieved from /opt/airflow/dags/surveillance_pipeline.py
[2026-02-20T14:49:35.949+0000] {logging_mixin.py:151} INFO - [2026-02-20T14:49:35.949+0000] {dag.py:2915} INFO - Sync 1 DAGs
[2026-02-20T14:49:35.976+0000] {logging_mixin.py:151} INFO - [2026-02-20T14:49:35.976+0000] {dag.py:3696} INFO - Setting next_dagrun for trade_surveillance_daily to 2026-02-20T06:00:00+00:00, run_after=2026-02-23T06:00:00+00:00
[2026-02-20T14:49:35.996+0000] {processor.py:179} INFO - Processing /opt/airflow/dags/surveillance_pipeline.py took 0.121 seconds
[2026-02-20T14:50:06.167+0000] {processor.py:157} INFO - Started process (PID=268) to work on /opt/airflow/dags/surveillance_pipeline.py
[2026-02-20T14:50:06.169+0000] {processor.py:829} INFO - Processing file /opt/airflow/dags/surveillance_pipeline.py for tasks to queue
[2026-02-20T14:50:06.171+0000] {logging_mixin.py:151} INFO - [2026-02-20T14:50:06.170+0000] {dagbag.py:539} INFO - Filling up the DagBag from /opt/airflow/dags/surveillance_pipeline.py
[2026-02-20T14:50:06.196+0000] {processor.py:839} INFO - DAG(s) dict_keys(['trade_surveillance_daily']) retrieved from /opt/airflow/dags/surveillance_pipeline.py
[2026-02-20T14:50:06.233+0000] {logging_mixin.py:151} INFO - [2026-02-20T14:50:06.233+0000] {dag.py:2915} INFO - Sync 1 DAGs
[2026-02-20T14:50:06.258+0000] {logging_mixin.py:151} INFO - [2026-02-20T14:50:06.258+0000] {dag.py:3696} INFO - Setting next_dagrun for trade_surveillance_daily to 2026-02-20T06:00:00+00:00, run_after=2026-02-23T06:00:00+00:00
[2026-02-20T14:50:06.279+0000] {processor.py:179} INFO - Processing /opt/airflow/dags/surveillance_pipeline.py took 0.119 seconds
[2026-02-20T14:50:36.507+0000] {processor.py:157} INFO - Started process (PID=273) to work on /opt/airflow/dags/surveillance_pipeline.py
[2026-02-20T14:50:36.508+0000] {processor.py:829} INFO - Processing file /opt/airflow/dags/surveillance_pipeline.py for tasks to queue
[2026-02-20T14:50:36.509+0000] {logging_mixin.py:151} INFO - [2026-02-20T14:50:36.508+0000] {dagbag.py:539} INFO - Filling up the DagBag from /opt/airflow/dags/surveillance_pipeline.py
[2026-02-20T14:50:36.535+0000] {processor.py:839} INFO - DAG(s) dict_keys(['trade_surveillance_daily']) retrieved from /opt/airflow/dags/surveillance_pipeline.py
[2026-02-20T14:50:36.577+0000] {logging_mixin.py:151} INFO - [2026-02-20T14:50:36.577+0000] {dag.py:2915} INFO - Sync 1 DAGs
[2026-02-20T14:50:36.623+0000] {logging_mixin.py:151} INFO - [2026-02-20T14:50:36.623+0000] {dag.py:3696} INFO - Setting next_dagrun for trade_surveillance_daily to 2026-02-20T06:00:00+00:00, run_after=2026-02-23T06:00:00+00:00
[2026-02-20T14:50:36.649+0000] {processor.py:179} INFO - Processing /opt/airflow/dags/surveillance_pipeline.py took 0.146 seconds
[2026-02-20T14:51:06.685+0000] {processor.py:157} INFO - Started process (PID=278) to work on /opt/airflow/dags/surveillance_pipeline.py
[2026-02-20T14:51:06.694+0000] {processor.py:829} INFO - Processing file /opt/airflow/dags/surveillance_pipeline.py for tasks to queue
[2026-02-20T14:51:06.695+0000] {logging_mixin.py:151} INFO - [2026-02-20T14:51:06.694+0000] {dagbag.py:539} INFO - Filling up the DagBag from /opt/airflow/dags/surveillance_pipeline.py
[2026-02-20T14:51:06.716+0000] {processor.py:839} INFO - DAG(s) dict_keys(['trade_surveillance_daily']) retrieved from /opt/airflow/dags/surveillance_pipeline.py
[2026-02-20T14:51:06.759+0000] {logging_mixin.py:151} INFO - [2026-02-20T14:51:06.759+0000] {dag.py:2915} INFO - Sync 1 DAGs
[2026-02-20T14:51:06.787+0000] {logging_mixin.py:151} INFO - [2026-02-20T14:51:06.787+0000] {dag.py:3696} INFO - Setting next_dagrun for trade_surveillance_daily to 2026-02-20T06:00:00+00:00, run_after=2026-02-23T06:00:00+00:00
[2026-02-20T14:51:06.809+0000] {processor.py:179} INFO - Processing /opt/airflow/dags/surveillance_pipeline.py took 0.130 seconds
[2026-02-20T14:51:36.991+0000] {processor.py:157} INFO - Started process (PID=283) to work on /opt/airflow/dags/surveillance_pipeline.py
[2026-02-20T14:51:36.999+0000] {processor.py:829} INFO - Processing file /opt/airflow/dags/surveillance_pipeline.py for tasks to queue
[2026-02-20T14:51:37.000+0000] {logging_mixin.py:151} INFO - [2026-02-20T14:51:36.999+0000] {dagbag.py:539} INFO - Filling up the DagBag from /opt/airflow/dags/surveillance_pipeline.py
[2026-02-20T14:51:37.021+0000] {processor.py:839} INFO - DAG(s) dict_keys(['trade_surveillance_daily']) retrieved from /opt/airflow/dags/surveillance_pipeline.py
[2026-02-20T14:51:37.061+0000] {logging_mixin.py:151} INFO - [2026-02-20T14:51:37.061+0000] {dag.py:2915} INFO - Sync 1 DAGs
[2026-02-20T14:51:37.087+0000] {logging_mixin.py:151} INFO - [2026-02-20T14:51:37.086+0000] {dag.py:3696} INFO - Setting next_dagrun for trade_surveillance_daily to 2026-02-20T06:00:00+00:00, run_after=2026-02-23T06:00:00+00:00
[2026-02-20T14:51:37.108+0000] {processor.py:179} INFO - Processing /opt/airflow/dags/surveillance_pipeline.py took 0.123 seconds
[2026-02-20T14:52:07.218+0000] {processor.py:157} INFO - Started process (PID=288) to work on /opt/airflow/dags/surveillance_pipeline.py
[2026-02-20T14:52:07.227+0000] {processor.py:829} INFO - Processing file /opt/airflow/dags/surveillance_pipeline.py for tasks to queue
[2026-02-20T14:52:07.228+0000] {logging_mixin.py:151} INFO - [2026-02-20T14:52:07.228+0000] {dagbag.py:539} INFO - Filling up the DagBag from /opt/airflow/dags/surveillance_pipeline.py
[2026-02-20T14:52:07.253+0000] {processor.py:839} INFO - DAG(s) dict_keys(['trade_surveillance_daily']) retrieved from /opt/airflow/dags/surveillance_pipeline.py
[2026-02-20T14:52:07.297+0000] {logging_mixin.py:151} INFO - [2026-02-20T14:52:07.297+0000] {dag.py:2915} INFO - Sync 1 DAGs
[2026-02-20T14:52:07.326+0000] {logging_mixin.py:151} INFO - [2026-02-20T14:52:07.326+0000] {dag.py:3696} INFO - Setting next_dagrun for trade_surveillance_daily to 2026-02-20T06:00:00+00:00, run_after=2026-02-23T06:00:00+00:00
[2026-02-20T14:52:07.349+0000] {processor.py:179} INFO - Processing /opt/airflow/dags/surveillance_pipeline.py took 0.136 seconds
[2026-02-20T14:52:37.515+0000] {processor.py:157} INFO - Started process (PID=293) to work on /opt/airflow/dags/surveillance_pipeline.py
[2026-02-20T14:52:37.525+0000] {processor.py:829} INFO - Processing file /opt/airflow/dags/surveillance_pipeline.py for tasks to queue
[2026-02-20T14:52:37.527+0000] {logging_mixin.py:151} INFO - [2026-02-20T14:52:37.526+0000] {dagbag.py:539} INFO - Filling up the DagBag from /opt/airflow/dags/surveillance_pipeline.py
[2026-02-20T14:52:37.548+0000] {processor.py:839} INFO - DAG(s) dict_keys(['trade_surveillance_daily']) retrieved from /opt/airflow/dags/surveillance_pipeline.py
[2026-02-20T14:52:37.589+0000] {logging_mixin.py:151} INFO - [2026-02-20T14:52:37.589+0000] {dag.py:2915} INFO - Sync 1 DAGs
[2026-02-20T14:52:37.617+0000] {logging_mixin.py:151} INFO - [2026-02-20T14:52:37.616+0000] {dag.py:3696} INFO - Setting next_dagrun for trade_surveillance_daily to 2026-02-20T06:00:00+00:00, run_after=2026-02-23T06:00:00+00:00
[2026-02-20T14:52:37.639+0000] {processor.py:179} INFO - Processing /opt/airflow/dags/surveillance_pipeline.py took 0.129 seconds
[2026-02-20T14:53:07.828+0000] {processor.py:157} INFO - Started process (PID=298) to work on /opt/airflow/dags/surveillance_pipeline.py
[2026-02-20T14:53:07.836+0000] {processor.py:829} INFO - Processing file /opt/airflow/dags/surveillance_pipeline.py for tasks to queue
[2026-02-20T14:53:07.838+0000] {logging_mixin.py:151} INFO - [2026-02-20T14:53:07.837+0000] {dagbag.py:539} INFO - Filling up the DagBag from /opt/airflow/dags/surveillance_pipeline.py
[2026-02-20T14:53:07.858+0000] {processor.py:839} INFO - DAG(s) dict_keys(['trade_surveillance_daily']) retrieved from /opt/airflow/dags/surveillance_pipeline.py
[2026-02-20T14:53:07.894+0000] {logging_mixin.py:151} INFO - [2026-02-20T14:53:07.893+0000] {dag.py:2915} INFO - Sync 1 DAGs
[2026-02-20T14:53:07.918+0000] {logging_mixin.py:151} INFO - [2026-02-20T14:53:07.918+0000] {dag.py:3696} INFO - Setting next_dagrun for trade_surveillance_daily to 2026-02-20T06:00:00+00:00, run_after=2026-02-23T06:00:00+00:00
[2026-02-20T14:53:07.936+0000] {processor.py:179} INFO - Processing /opt/airflow/dags/surveillance_pipeline.py took 0.113 seconds
[2026-02-20T14:53:38.137+0000] {processor.py:157} INFO - Started process (PID=303) to work on /opt/airflow/dags/surveillance_pipeline.py
[2026-02-20T14:53:38.146+0000] {processor.py:829} INFO - Processing file /opt/airflow/dags/surveillance_pipeline.py for tasks to queue
[2026-02-20T14:53:38.147+0000] {logging_mixin.py:151} INFO - [2026-02-20T14:53:38.147+0000] {dagbag.py:539} INFO - Filling up the DagBag from /opt/airflow/dags/surveillance_pipeline.py
[2026-02-20T14:53:38.170+0000] {processor.py:839} INFO - DAG(s) dict_keys(['trade_surveillance_daily']) retrieved from /opt/airflow/dags/surveillance_pipeline.py
[2026-02-20T14:53:38.208+0000] {logging_mixin.py:151} INFO - [2026-02-20T14:53:38.208+0000] {dag.py:2915} INFO - Sync 1 DAGs
[2026-02-20T14:53:38.234+0000] {logging_mixin.py:151} INFO - [2026-02-20T14:53:38.234+0000] {dag.py:3696} INFO - Setting next_dagrun for trade_surveillance_daily to 2026-02-20T06:00:00+00:00, run_after=2026-02-23T06:00:00+00:00
[2026-02-20T14:53:38.255+0000] {processor.py:179} INFO - Processing /opt/airflow/dags/surveillance_pipeline.py took 0.121 seconds
[2026-02-20T14:54:08.393+0000] {processor.py:157} INFO - Started process (PID=308) to work on /opt/airflow/dags/surveillance_pipeline.py
[2026-02-20T14:54:08.402+0000] {processor.py:829} INFO - Processing file /opt/airflow/dags/surveillance_pipeline.py for tasks to queue
[2026-02-20T14:54:08.404+0000] {logging_mixin.py:151} INFO - [2026-02-20T14:54:08.403+0000] {dagbag.py:539} INFO - Filling up the DagBag from /opt/airflow/dags/surveillance_pipeline.py
[2026-02-20T14:54:08.426+0000] {processor.py:839} INFO - DAG(s) dict_keys(['trade_surveillance_daily']) retrieved from /opt/airflow/dags/surveillance_pipeline.py
[2026-02-20T14:54:08.461+0000] {logging_mixin.py:151} INFO - [2026-02-20T14:54:08.461+0000] {dag.py:2915} INFO - Sync 1 DAGs
[2026-02-20T14:54:08.486+0000] {logging_mixin.py:151} INFO - [2026-02-20T14:54:08.486+0000] {dag.py:3696} INFO - Setting next_dagrun for trade_surveillance_daily to 2026-02-20T06:00:00+00:00, run_after=2026-02-23T06:00:00+00:00
[2026-02-20T14:54:08.507+0000] {processor.py:179} INFO - Processing /opt/airflow/dags/surveillance_pipeline.py took 0.121 seconds
[2026-02-20T14:54:38.701+0000] {processor.py:157} INFO - Started process (PID=313) to work on /opt/airflow/dags/surveillance_pipeline.py
[2026-02-20T14:54:38.702+0000] {processor.py:829} INFO - Processing file /opt/airflow/dags/surveillance_pipeline.py for tasks to queue
[2026-02-20T14:54:38.703+0000] {logging_mixin.py:151} INFO - [2026-02-20T14:54:38.703+0000] {dagbag.py:539} INFO - Filling up the DagBag from /opt/airflow/dags/surveillance_pipeline.py
[2026-02-20T14:54:38.724+0000] {processor.py:839} INFO - DAG(s) dict_keys(['trade_surveillance_daily']) retrieved from /opt/airflow/dags/surveillance_pipeline.py
[2026-02-20T14:54:38.758+0000] {logging_mixin.py:151} INFO - [2026-02-20T14:54:38.758+0000] {dag.py:2915} INFO - Sync 1 DAGs
[2026-02-20T14:54:38.784+0000] {logging_mixin.py:151} INFO - [2026-02-20T14:54:38.783+0000] {dag.py:3696} INFO - Setting next_dagrun for trade_surveillance_daily to 2026-02-20T06:00:00+00:00, run_after=2026-02-23T06:00:00+00:00
[2026-02-20T14:54:38.804+0000] {processor.py:179} INFO - Processing /opt/airflow/dags/surveillance_pipeline.py took 0.106 seconds
