[2026-02-18T17:43:31.180+0000] {taskinstance.py:1157} INFO - Dependencies all met for dep_context=non-requeueable deps ti=<TaskInstance: trade_surveillance_daily.generate_and_load_data manual__2026-02-18T17:38:25.998386+00:00 [queued]>
[2026-02-18T17:43:31.186+0000] {taskinstance.py:1157} INFO - Dependencies all met for dep_context=requeueable deps ti=<TaskInstance: trade_surveillance_daily.generate_and_load_data manual__2026-02-18T17:38:25.998386+00:00 [queued]>
[2026-02-18T17:43:31.186+0000] {taskinstance.py:1359} INFO - Starting attempt 2 of 3
[2026-02-18T17:43:31.195+0000] {taskinstance.py:1380} INFO - Executing <Task(PythonOperator): generate_and_load_data> on 2026-02-18 17:38:25.998386+00:00
[2026-02-18T17:43:31.199+0000] {standard_task_runner.py:57} INFO - Started process 243 to run task
[2026-02-18T17:43:31.200+0000] {standard_task_runner.py:84} INFO - Running: ['airflow', 'tasks', 'run', 'trade_surveillance_daily', 'generate_and_load_data', 'manual__2026-02-18T17:38:25.998386+00:00', '--job-id', '31', '--raw', '--subdir', 'DAGS_FOLDER/surveillance_pipeline.py', '--cfg-path', '/tmp/tmp9ik1i55v']
[2026-02-18T17:43:31.202+0000] {standard_task_runner.py:85} INFO - Job 31: Subtask generate_and_load_data
[2026-02-18T17:43:31.233+0000] {task_command.py:415} INFO - Running <TaskInstance: trade_surveillance_daily.generate_and_load_data manual__2026-02-18T17:38:25.998386+00:00 [running]> on host 433d4d98f455
[2026-02-18T17:43:31.287+0000] {taskinstance.py:1660} INFO - Exporting env vars: AIRFLOW_CTX_DAG_OWNER='tony' AIRFLOW_CTX_DAG_ID='trade_surveillance_daily' AIRFLOW_CTX_TASK_ID='generate_and_load_data' AIRFLOW_CTX_EXECUTION_DATE='2026-02-18T17:38:25.998386+00:00' AIRFLOW_CTX_TRY_NUMBER='2' AIRFLOW_CTX_DAG_RUN_ID='manual__2026-02-18T17:38:25.998386+00:00'
[2026-02-18T17:43:31.618+0000] {logging_mixin.py:151} WARNING - /home/airflow/.local/lib/python3.11/site-packages/airflow/utils/context.py:314 AirflowContextDeprecationWarning: Accessing 'execution_date' from the template is deprecated and will be removed in a future version. Please use 'data_interval_start' or 'logical_date' instead.
[2026-02-18T17:43:31.618+0000] {logging_mixin.py:151} INFO - Starting data generation for 2026-02-18
[2026-02-18T17:43:31.618+0000] {taskinstance.py:1935} ERROR - Task failed with exception
Traceback (most recent call last):
  File "/home/airflow/.local/lib/python3.11/site-packages/airflow/operators/python.py", line 192, in execute
    return_value = self.execute_callable()
                   ^^^^^^^^^^^^^^^^^^^^^^^
  File "/home/airflow/.local/lib/python3.11/site-packages/airflow/operators/python.py", line 209, in execute_callable
    return self.python_callable(*self.op_args, **self.op_kwargs)
           ^^^^^^^^^^^^^^^^^^^^^^^^^^^^^^^^^^^^^^^^^^^^^^^^^^^^^
  File "/opt/airflow/dags/surveillance_pipeline.py", line 35, in run_daily_load
    order_count, exec_count = load_single_day(trade_date)
                              ^^^^^^^^^^^^^^^^^^^^^^^^^^^
  File "/opt/airflow/src/load_data.py", line 103, in load_single_day
    orders_data = read_from_csv(f"orders_{date_str}.csv")
                  ^^^^^^^^^^^^^^^^^^^^^^^^^^^^^^^^^^^^^^^
  File "/opt/airflow/src/load_data.py", line 126, in read_from_csv
    df = pd.read_csv(filepath, parse_date=["transact_time"])
         ^^^^^^^^^^^^^^^^^^^^^^^^^^^^^^^^^^^^^^^^^^^^^^^^^^^
TypeError: read_csv() got an unexpected keyword argument 'parse_date'
[2026-02-18T17:43:31.626+0000] {taskinstance.py:1398} INFO - Marking task as UP_FOR_RETRY. dag_id=trade_surveillance_daily, task_id=generate_and_load_data, execution_date=20260218T173825, start_date=20260218T174331, end_date=20260218T174331
[2026-02-18T17:43:31.642+0000] {standard_task_runner.py:104} ERROR - Failed to execute job 31 for task generate_and_load_data (read_csv() got an unexpected keyword argument 'parse_date'; 243)
[2026-02-18T17:43:31.653+0000] {local_task_job_runner.py:228} INFO - Task exited with return code 1
[2026-02-18T17:43:31.667+0000] {taskinstance.py:2776} INFO - 0 downstream tasks scheduled from follow-on schedule check
